-- The C compiler identification is GNU 11.4.0
-- The CXX compiler identification is GNU 11.4.0
-- Detecting C compiler ABI info
-- Detecting C compiler ABI info - done
-- Check for working C compiler: /usr/bin/cc - skipped
-- Detecting C compile features
-- Detecting C compile features - done
-- Detecting CXX compiler ABI info
-- Detecting CXX compiler ABI info - done
-- Check for working CXX compiler: /usr/bin/c++ - skipped
-- Detecting CXX compile features
-- Detecting CXX compile features - done
-- Found ament_cmake: 1.3.11 (/opt/ros/humble/share/ament_cmake/cmake)
-- Found Python3: /usr/bin/python3 (found version "3.10.12") found components: Interpreter 
-- Found rclcpp: 16.0.11 (/opt/ros/humble/share/rclcpp/cmake)
-- Found rosidl_generator_c: 3.1.6 (/opt/ros/humble/share/rosidl_generator_c/cmake)
-- Found rosidl_adapter: 3.1.6 (/opt/ros/humble/share/rosidl_adapter/cmake)
-- Found rosidl_generator_cpp: 3.1.6 (/opt/ros/humble/share/rosidl_generator_cpp/cmake)
-- Using all available rosidl_typesupport_c: rosidl_typesupport_fastrtps_c;rosidl_typesupport_introspection_c
-- Using all available rosidl_typesupport_cpp: rosidl_typesupport_fastrtps_cpp;rosidl_typesupport_introspection_cpp
-- Found rmw_implementation_cmake: 6.1.2 (/opt/ros/humble/share/rmw_implementation_cmake/cmake)
-- Found rmw_fastrtps_cpp: 6.2.7 (/opt/ros/humble/share/rmw_fastrtps_cpp/cmake)
-- Found OpenSSL: /usr/lib/x86_64-linux-gnu/libcrypto.so (found version "3.0.2")  
-- Found FastRTPS: /opt/ros/humble/include  
-- Using RMW implementation 'rmw_fastrtps_cpp' as default
-- Looking for pthread.h
-- Looking for pthread.h - found
-- Performing Test CMAKE_HAVE_LIBC_PTHREAD
-- Performing Test CMAKE_HAVE_LIBC_PTHREAD - Success
-- Found Threads: TRUE  
-- Found sensor_msgs: 4.2.4 (/opt/ros/humble/share/sensor_msgs/cmake)
-- Found nav_msgs: 4.2.4 (/opt/ros/humble/share/nav_msgs/cmake)
-- Found tf2: 0.25.12 (/opt/ros/humble/share/tf2/cmake)
-- Found tf2_ros: 0.25.12 (/opt/ros/humble/share/tf2_ros/cmake)
-- Found custom_msgs: 0.0.0 (/home/alumno1/Documents/destroyer_ws/install/custom_msgs/share/custom_msgs/cmake)
-- Found OpenMP_C: -fopenmp (found version "4.5") 
-- Found OpenMP_CXX: -fopenmp (found version "4.5") 
-- Found OpenMP: TRUE (found version "4.5")  
-- Found ament_lint_auto: 0.12.11 (/opt/ros/humble/share/ament_lint_auto/cmake)
-- Added test 'cppcheck' to perform static code analysis on C / C++ code
-- Configured cppcheck include dirs: /home/alumno1/Documents/destroyer_ws/src/grid_fastslam/include
-- Configured cppcheck exclude dirs and/or files: 
-- Added test 'flake8' to check Python code syntax and style conventions
-- Added test 'lint_cmake' to check CMake code style
-- Added test 'pep257' to check Python code against some of the docstring style conventions in PEP 257
-- Added test 'uncrustify' to check C / C++ code style
-- Configured uncrustify additional arguments: 
-- Added test 'xmllint' to check XML markup files
-- Configuring done
-- Generating done
-- Build files have been written to: /home/alumno1/Documents/destroyer_ws/build/grid_fastslam
[ 33%] [32mBuilding CXX object CMakeFiles/grid_fastslam_node.dir/src/main.cpp.o[0m
[ 66%] [32mBuilding CXX object CMakeFiles/grid_fastslam_node.dir/src/grid_fastslam.cpp.o[0m
[01m[K/home/alumno1/Documents/destroyer_ws/src/grid_fastslam/src/grid_fastslam.cpp:[m[K In constructor â€˜[01m[Kgrid_fastslam::GridFastSlam::GridFastSlam()[m[Kâ€™:
[01m[K/home/alumno1/Documents/destroyer_ws/src/grid_fastslam/src/grid_fastslam.cpp:29:9:[m[K [01;31m[Kerror: [m[Kâ€˜[01m[Kbest_map_pub_[m[Kâ€™ was not declared in this scope; did you mean â€˜[01m[Kmap_pub_[m[Kâ€™?
   29 |         [01;31m[Kbest_map_pub_[m[K = this->create_publisher<nav_msgs::msg::OccupancyGrid>("/best_map");
      |         [01;31m[K^~~~~~~~~~~~~[m[K
      |         [32m[Kmap_pub_[m[K
[01m[K/home/alumno1/Documents/destroyer_ws/src/grid_fastslam/src/grid_fastslam.cpp:29:77:[m[K [01;31m[Kerror: [m[Kno matching function for call to â€˜[01m[Kgrid_fastslam::GridFastSlam::create_publisher<nav_msgs::msg::OccupancyGrid>(const char [10])[m[Kâ€™
   29 | _pub_ = [01;31m[Kthis->create_publisher<nav_msgs::msg::OccupancyGrid>("/best_map")[m[K;
      |         [01;31m[K~~~~~~~~~~~~~~~~~~~~~~~~~~~~~~~~~~~~~~~~~~~~~~~~~~~~^~~~~~~~~~~~~[m[K

In file included from [01m[K/opt/ros/humble/include/rclcpp/rclcpp/node.hpp:1321[m[K,
                 from [01m[K/opt/ros/humble/include/rclcpp/rclcpp/executors/single_threaded_executor.hpp:28[m[K,
                 from [01m[K/opt/ros/humble/include/rclcpp/rclcpp/executors.hpp:22[m[K,
                 from [01m[K/opt/ros/humble/include/rclcpp/rclcpp/rclcpp.hpp:155[m[K,
                 from [01m[K/home/alumno1/Documents/destroyer_ws/src/grid_fastslam/include/grid_fastslam/grid_fastslam.hpp:11[m[K,
                 from [01m[K/home/alumno1/Documents/destroyer_ws/src/grid_fastslam/src/grid_fastslam.cpp:2[m[K:
[01m[K/opt/ros/humble/include/rclcpp/rclcpp/node_impl.hpp:73:1:[m[K [01;36m[Knote: [m[Kcandidate: â€˜[01m[Ktemplate<class MessageT, class AllocatorT, class PublisherT> std::shared_ptr<PublisherT> rclcpp::Node::create_publisher(const string&, const rclcpp::QoS&, const rclcpp::PublisherOptionsWithAllocator<AllocatorT>&)[m[Kâ€™
   73 | [01;36m[KNode[m[K::create_publisher(
      | [01;36m[K^~~~[m[K
[01m[K/opt/ros/humble/include/rclcpp/rclcpp/node_impl.hpp:73:1:[m[K [01;36m[Knote: [m[K  template argument deduction/substitution failed:
[01m[K/home/alumno1/Documents/destroyer_ws/src/grid_fastslam/src/grid_fastslam.cpp:29:77:[m[K [01;36m[Knote: [m[K  candidate expects 3 arguments, 1 provided
   29 | _pub_ = [01;36m[Kthis->create_publisher<nav_msgs::msg::OccupancyGrid>("/best_map")[m[K;
      |         [01;36m[K~~~~~~~~~~~~~~~~~~~~~~~~~~~~~~~~~~~~~~~~~~~~~~~~~~~~^~~~~~~~~~~~~[m[K

[01m[K/home/alumno1/Documents/destroyer_ws/src/grid_fastslam/src/grid_fastslam.cpp:[m[K In member function â€˜[01m[Kvoid grid_fastslam::GridFastSlam::publish_map_and_path()[m[Kâ€™:
[01m[K/home/alumno1/Documents/destroyer_ws/src/grid_fastslam/src/grid_fastslam.cpp:485:9:[m[K [01;31m[Kerror: [m[Kâ€˜[01m[Kbest_map_pub_[m[Kâ€™ was not declared in this scope; did you mean â€˜[01m[Kbest_map_msg[m[Kâ€™?
  485 |         [01;31m[Kbest_map_pub_[m[K->publish(best_map_msg);
      |         [01;31m[K^~~~~~~~~~~~~[m[K
      |         [32m[Kbest_map_msg[m[K
gmake[2]: *** [CMakeFiles/grid_fastslam_node.dir/build.make:76: CMakeFiles/grid_fastslam_node.dir/src/grid_fastslam.cpp.o] Error 1
gmake[1]: *** [CMakeFiles/Makefile2:137: CMakeFiles/grid_fastslam_node.dir/all] Error 2
gmake: *** [Makefile:146: all] Error 2
