[35m[1mConsolidate compiler generated dependencies of target grid_fastslam_node[0m
[ 33%] [32mBuilding CXX object CMakeFiles/grid_fastslam_node.dir/src/grid_fastslam.cpp.o[0m
[ 66%] [32mBuilding CXX object CMakeFiles/grid_fastslam_node.dir/src/main.cpp.o[0m
[01m[K/home/alumno1/Documents/destroyer_ws/src/grid_fastslam/src/grid_fastslam.cpp:[m[K In function â€˜[01m[Kstd::vector<std::pair<double, double> > grid_fastslam::get_scan_endpoints(const grid_fastslam::Particle&, sensor_msgs::msg::LaserScan_<std::allocator<void> >::SharedPtr, const std::vector<grid_fastslam::GridFastSlam::RayLUT>&)[m[Kâ€™:
[01m[K/home/alumno1/Documents/destroyer_ws/src/grid_fastslam/src/grid_fastslam.cpp:194:20:[m[K [01;31m[Kerror: [m[Kâ€˜[01m[Kstruct grid_fastslam::GridFastSlam::RayLUT[m[Kâ€™ is private within this context
  194 |         const std::[01;31m[Kvector<GridFastSlam::RayLUT>[m[K &lut) // <--- Pass LUT by reference
      |                    [01;31m[K^~~~~~~~~~~~~~~~~~~~~~~~~~~~[m[K
In file included from [01m[K/home/alumno1/Documents/destroyer_ws/src/grid_fastslam/src/grid_fastslam.cpp:2[m[K:
[01m[K/home/alumno1/Documents/destroyer_ws/src/grid_fastslam/include/grid_fastslam/grid_fastslam.hpp:105:16:[m[K [01;36m[Knote: [m[Kdeclared private here
  105 |         struct [01;36m[KRayLUT[m[K
      |                [01;36m[K^~~~~~[m[K
[01m[K/home/alumno1/Documents/destroyer_ws/src/grid_fastslam/src/grid_fastslam.cpp:199:16:[m[K [01;35m[Kwarning: [m[Kunused variable â€˜[01m[Kraw_angle[m[Kâ€™ [[01;35m[K]8;;https://gcc.gnu.org/onlinedocs/gcc/Warning-Options.html#index-Wunused-variable-Wunused-variable]8;;[m[K]
  199 |         double [01;35m[Kraw_angle[m[K = scan->angle_min;
      |                [01;35m[K^~~~~~~~~[m[K
gmake[2]: *** [CMakeFiles/grid_fastslam_node.dir/build.make:76: CMakeFiles/grid_fastslam_node.dir/src/grid_fastslam.cpp.o] Error 1
gmake[1]: *** [CMakeFiles/Makefile2:137: CMakeFiles/grid_fastslam_node.dir/all] Error 2
gmake: *** [Makefile:146: all] Error 2
