[35m[1mConsolidate compiler generated dependencies of target grid_fastslam_node[0m
[ 33%] [32mBuilding CXX object CMakeFiles/grid_fastslam_node.dir/src/grid_fastslam.cpp.o[0m
[ 66%] [32mBuilding CXX object CMakeFiles/grid_fastslam_node.dir/src/main.cpp.o[0m
[01m[K/home/alumno1/Documents/destroyer_ws/src/grid_fastslam/src/grid_fastslam.cpp:191:44:[m[K [01;31m[Kerror: [m[Kno declaration matches â€˜[01m[Kstd::vector<std::pair<double, double> > grid_fastslam::GridFastSlam::get_scan_endpoints(const grid_fastslam::Particle&, sensor_msgs::msg::LaserScan_<std::allocator<void> >::SharedPtr, const std::vector<grid_fastslam::GridFastSlam::RayLUT>&)[m[Kâ€™
  191 |     std::vector<std::pair<double, double>> [01;31m[KGridFastSlam[m[K::get_scan_endpoints(
      |                                            [01;31m[K^~~~~~~~~~~~[m[K
[01m[K/home/alumno1/Documents/destroyer_ws/src/grid_fastslam/src/grid_fastslam.cpp:191:44:[m[K [01;36m[Knote: [m[Kno functions named â€˜[01m[Kstd::vector<std::pair<double, double> > grid_fastslam::GridFastSlam::get_scan_endpoints(const grid_fastslam::Particle&, sensor_msgs::msg::LaserScan_<std::allocator<void> >::SharedPtr, const std::vector<grid_fastslam::GridFastSlam::RayLUT>&)[m[Kâ€™
In file included from [01m[K/home/alumno1/Documents/destroyer_ws/src/grid_fastslam/src/grid_fastslam.cpp:2[m[K:
[01m[K/home/alumno1/Documents/destroyer_ws/src/grid_fastslam/include/grid_fastslam/grid_fastslam.hpp:62:11:[m[K [01;36m[Knote: [m[Kâ€˜[01m[Kclass grid_fastslam::GridFastSlam[m[Kâ€™ defined here
   62 |     class [01;36m[KGridFastSlam[m[K : public rclcpp::Node
      |           [01;36m[K^~~~~~~~~~~~[m[K
[01m[K/home/alumno1/Documents/destroyer_ws/src/grid_fastslam/src/grid_fastslam.cpp:[m[K In member function â€˜[01m[Kvoid grid_fastslam::GridFastSlam::update_grid(grid_fastslam::Particle&, sensor_msgs::msg::LaserScan_<std::allocator<void> >::SharedPtr)[m[Kâ€™:
[01m[K/home/alumno1/Documents/destroyer_ws/src/grid_fastslam/src/grid_fastslam.cpp:229:26:[m[K [01;31m[Kerror: [m[Kâ€˜[01m[Kget_scan_endpoints[m[Kâ€™ was not declared in this scope
  229 |         auto endpoints = [01;31m[Kget_scan_endpoints[m[K(p, scan, scan_lut_);
      |                          [01;31m[K^~~~~~~~~~~~~~~~~~[m[K
[01m[K/home/alumno1/Documents/destroyer_ws/src/grid_fastslam/src/grid_fastslam.cpp:[m[K In member function â€˜[01m[Kvoid grid_fastslam::GridFastSlam::update_particles(sensor_msgs::msg::LaserScan_<std::allocator<void> >::SharedPtr)[m[Kâ€™:
[01m[K/home/alumno1/Documents/destroyer_ws/src/grid_fastslam/src/grid_fastslam.cpp:314:30:[m[K [01;31m[Kerror: [m[Kâ€˜[01m[Kget_scan_endpoints[m[Kâ€™ was not declared in this scope
  314 |             auto endpoints = [01;31m[Kget_scan_endpoints[m[K(p, scan, scan_lut_);
      |                              [01;31m[K^~~~~~~~~~~~~~~~~~[m[K
gmake[2]: *** [CMakeFiles/grid_fastslam_node.dir/build.make:76: CMakeFiles/grid_fastslam_node.dir/src/grid_fastslam.cpp.o] Error 1
gmake[1]: *** [CMakeFiles/Makefile2:137: CMakeFiles/grid_fastslam_node.dir/all] Error 2
gmake: *** [Makefile:146: all] Error 2
