[35m[1mConsolidate compiler generated dependencies of target grid_fastslam_node[0m
[ 33%] [32mBuilding CXX object CMakeFiles/grid_fastslam_node.dir/src/grid_fastslam.cpp.o[0m
[01m[K/home/alumno1/Documents/destroyer_ws/src/grid_fastslam/src/grid_fastslam.cpp:371:5:[m[K [01;31m[Kerror: [m[Kexpected unqualified-id before â€˜[01m[Kif[m[Kâ€™
  371 |     [01;31m[Kif[m[K (!any_valid_weight)
      |     [01;31m[K^~[m[K
[01m[K/home/alumno1/Documents/destroyer_ws/src/grid_fastslam/src/grid_fastslam.cpp:376:5:[m[K [01;31m[Kerror: [m[Kexpected unqualified-id before â€˜[01m[Kelse[m[Kâ€™
  376 |     [01;31m[Kelse[m[K
      |     [01;31m[K^~~~[m[K
[01m[K/home/alumno1/Documents/destroyer_ws/src/grid_fastslam/src/grid_fastslam.cpp:386:6:[m[K [01;31m[Kerror: [m[Kâ€˜[01m[KGridFastSlam[m[Kâ€™ has not been declared
  386 | void [01;31m[KGridFastSlam[m[K::resample()
      |      [01;31m[K^~~~~~~~~~~~[m[K
[01m[K/home/alumno1/Documents/destroyer_ws/src/grid_fastslam/src/grid_fastslam.cpp:[m[K In function â€˜[01m[Kvoid resample()[m[Kâ€™:
[01m[K/home/alumno1/Documents/destroyer_ws/src/grid_fastslam/src/grid_fastslam.cpp:390:26:[m[K [01;31m[Kerror: [m[Kâ€˜[01m[Kparticles_[m[Kâ€™ was not declared in this scope
  390 |     for (const auto &p : [01;31m[Kparticles_[m[K)
      |                          [01;31m[K^~~~~~~~~~[m[K
[01m[K/home/alumno1/Documents/destroyer_ws/src/grid_fastslam/src/grid_fastslam.cpp:397:18:[m[K [01;31m[Kerror: [m[Kâ€˜[01m[Knum_particles_[m[Kâ€™ was not declared in this scope
  397 |     if (n_eff <= [01;31m[Knum_particles_[m[K * 0.9)
      |                  [01;31m[K^~~~~~~~~~~~~~[m[K
[01m[K/home/alumno1/Documents/destroyer_ws/src/grid_fastslam/src/grid_fastslam.cpp:400:21:[m[K [01;31m[Kerror: [m[Kâ€˜[01m[KParticle[m[Kâ€™ was not declared in this scope; did you mean â€˜[01m[Kgrid_fastslam::Particle[m[Kâ€™?
  400 |         std::vector<[01;31m[KParticle[m[K> new_particles;
      |                     [01;31m[K^~~~~~~~[m[K
      |                     [32m[Kgrid_fastslam::Particle[m[K
In file included from [01m[K/home/alumno1/Documents/destroyer_ws/src/grid_fastslam/src/grid_fastslam.cpp:2[m[K:
[01m[K/home/alumno1/Documents/destroyer_ws/src/grid_fastslam/include/grid_fastslam/grid_fastslam.hpp:45:12:[m[K [01;36m[Knote: [m[Kâ€˜[01m[Kgrid_fastslam::Particle[m[Kâ€™ declared here
   45 |     struct [01;36m[KParticle[m[K
      |            [01;36m[K^~~~~~~~[m[K
[01m[K/home/alumno1/Documents/destroyer_ws/src/grid_fastslam/src/grid_fastslam.cpp:400:29:[m[K [01;31m[Kerror: [m[Ktemplate argument 1 is invalid
  400 |         std::vector<Particle[01;31m[K>[m[K new_particles;
      |                             [01;31m[K^[m[K
[01m[K/home/alumno1/Documents/destroyer_ws/src/grid_fastslam/src/grid_fastslam.cpp:400:29:[m[K [01;31m[Kerror: [m[Ktemplate argument 2 is invalid
[01m[K/home/alumno1/Documents/destroyer_ws/src/grid_fastslam/src/grid_fastslam.cpp:401:23:[m[K [01;31m[Kerror: [m[Krequest for member â€˜[01m[Kreserve[m[Kâ€™ in â€˜[01m[Knew_particles[m[Kâ€™, which is of non-class type â€˜[01m[Kint[m[Kâ€™
  401 |         new_particles.[01;31m[Kreserve[m[K(num_particles_);
      |                       [01;31m[K^~~~~~~[m[K
[01m[K/home/alumno1/Documents/destroyer_ws/src/grid_fastslam/src/grid_fastslam.cpp:404:25:[m[K [01;31m[Kerror: [m[Kâ€˜[01m[Krng_[m[Kâ€™ was not declared in this scope
  404 |         double r = dist([01;31m[Krng_[m[K);           // Random start point
      |                         [01;31m[K^~~~[m[K
[01m[K/home/alumno1/Documents/destroyer_ws/src/grid_fastslam/src/grid_fastslam.cpp:405:20:[m[K [01;31m[Kerror: [m[Kâ€˜[01m[Kparticles_[m[Kâ€™ was not declared in this scope; did you mean â€˜[01m[Knew_particles[m[Kâ€™?
  405 |         double c = [01;31m[Kparticles_[m[K[0].weight; // Cumulative weight
      |                    [01;31m[K^~~~~~~~~~[m[K
      |                    [32m[Knew_particles[m[K
[01m[K/home/alumno1/Documents/destroyer_ws/src/grid_fastslam/src/grid_fastslam.cpp:420:21:[m[K [01;31m[Kerror: [m[Kexpected â€˜[01m[K;[m[Kâ€™ before â€˜[01m[Kp_copy[m[Kâ€™
  420 |             Particle[01;31m[K [m[K[32m[Kp_copy[m[K = particles_[i];
      |                     [01;31m[K^[m[K[32m[K~~~~~~[m[K
      |                     [32m[K;[m[K
[01m[K/home/alumno1/Documents/destroyer_ws/src/grid_fastslam/src/grid_fastslam.cpp:421:13:[m[K [01;31m[Kerror: [m[Kâ€˜[01m[Kp_copy[m[Kâ€™ was not declared in this scope; did you mean â€˜[01m[Kbcopy[m[Kâ€™?
  421 |             [01;31m[Kp_copy[m[K.weight = 1.0 / num_particles_; // Reset weight after resampling
      |             [01;31m[K^~~~~~[m[K
      |             [32m[Kbcopy[m[K
[01m[K/home/alumno1/Documents/destroyer_ws/src/grid_fastslam/src/grid_fastslam.cpp:422:27:[m[K [01;31m[Kerror: [m[Krequest for member â€˜[01m[Kpush_back[m[Kâ€™ in â€˜[01m[Knew_particles[m[Kâ€™, which is of non-class type â€˜[01m[Kint[m[Kâ€™
  422 |             new_particles.[01;31m[Kpush_back[m[K(p_copy);
      |                           [01;31m[K^~~~~~~~~[m[K
[01m[K/home/alumno1/Documents/destroyer_ws/src/grid_fastslam/src/grid_fastslam.cpp:427:9:[m[K [01;31m[Kerror: [m[Kâ€˜[01m[Kcurrent_best_index_[m[Kâ€™ was not declared in this scope
  427 |         [01;31m[Kcurrent_best_index_[m[K = 0;
      |         [01;31m[K^~~~~~~~~~~~~~~~~~~[m[K
[01m[K/home/alumno1/Documents/destroyer_ws/src/grid_fastslam/src/grid_fastslam.cpp:[m[K At global scope:
[01m[K/home/alumno1/Documents/destroyer_ws/src/grid_fastslam/src/grid_fastslam.cpp:431:6:[m[K [01;31m[Kerror: [m[Kâ€˜[01m[KGridFastSlam[m[Kâ€™ has not been declared
  431 | void [01;31m[KGridFastSlam[m[K::scan_callback(const sensor_msgs::msg::LaserScan::SharedPtr msg)
      |      [01;31m[K^~~~~~~~~~~~[m[K
[01m[K/home/alumno1/Documents/destroyer_ws/src/grid_fastslam/src/grid_fastslam.cpp:[m[K In function â€˜[01m[Kvoid scan_callback(sensor_msgs::msg::LaserScan_<std::allocator<void> >::SharedPtr)[m[Kâ€™:
[01m[K/home/alumno1/Documents/destroyer_ws/src/grid_fastslam/src/grid_fastslam.cpp:434:5:[m[K [01;31m[Kerror: [m[Kâ€˜[01m[Kinit_lut[m[Kâ€™ was not declared in this scope
  434 |     [01;31m[Kinit_lut[m[K(msg);
      |     [01;31m[K^~~~~~~~[m[K
[01m[K/home/alumno1/Documents/destroyer_ws/src/grid_fastslam/src/grid_fastslam.cpp:436:5:[m[K [01;31m[Kerror: [m[Kâ€˜[01m[Kupdate_particles[m[Kâ€™ was not declared in this scope
  436 |     [01;31m[Kupdate_particles[m[K(msg);
      |     [01;31m[K^~~~~~~~~~~~~~~~[m[K
[01m[K/home/alumno1/Documents/destroyer_ws/src/grid_fastslam/src/grid_fastslam.cpp:439:5:[m[K [01;31m[Kerror: [m[Kâ€˜[01m[Kmap_update_counter[m[Kâ€™ was not declared in this scope
  439 |     [01;31m[Kmap_update_counter[m[K++;
      |     [01;31m[K^~~~~~~~~~~~~~~~~~[m[K
[01m[K/home/alumno1/Documents/destroyer_ws/src/grid_fastslam/src/grid_fastslam.cpp:440:31:[m[K [01;31m[Kerror: [m[Kâ€˜[01m[Kmap_update_interval[m[Kâ€™ was not declared in this scope
  440 |     if (map_update_counter >= [01;31m[Kmap_update_interval[m[K)
      |                               [01;31m[K^~~~~~~~~~~~~~~~~~~[m[K
[01m[K/home/alumno1/Documents/destroyer_ws/src/grid_fastslam/src/grid_fastslam.cpp:443:24:[m[K [01;31m[Kerror: [m[Kâ€˜[01m[Kparticles_[m[Kâ€™ was not declared in this scope
  443 |         for (auto &p : [01;31m[Kparticles_[m[K)
      |                        [01;31m[K^~~~~~~~~~[m[K
[01m[K/home/alumno1/Documents/destroyer_ws/src/grid_fastslam/src/grid_fastslam.cpp:445:13:[m[K [01;31m[Kerror: [m[Kâ€˜[01m[Kupdate_grid[m[Kâ€™ was not declared in this scope
  445 |             [01;31m[Kupdate_grid[m[K(p, msg);
      |             [01;31m[K^~~~~~~~~~~[m[K
[01m[K/home/alumno1/Documents/destroyer_ws/src/grid_fastslam/src/grid_fastslam.cpp:443:9:[m[K [01;31m[Kerror: [m[Kinvalid type for iteration variable â€˜[01m[K<anonymous>[m[Kâ€™
  443 |         [01;31m[Kfor[m[K (auto &p : particles_)
      |         [01;31m[K^~~[m[K
[01m[K/home/alumno1/Documents/destroyer_ws/src/grid_fastslam/src/grid_fastslam.cpp:450:5:[m[K [01;31m[Kerror: [m[Kâ€˜[01m[Kpublish_map_and_path[m[Kâ€™ was not declared in this scope
  450 |     [01;31m[Kpublish_map_and_path[m[K();
      |     [01;31m[K^~~~~~~~~~~~~~~~~~~~[m[K
In file included from [01m[K/opt/ros/humble/include/rclcpp/rclcpp/client.hpp:40[m[K,
                 from [01m[K/opt/ros/humble/include/rclcpp/rclcpp/callback_group.hpp:24[m[K,
                 from [01m[K/opt/ros/humble/include/rclcpp/rclcpp/any_executable.hpp:20[m[K,
                 from [01m[K/opt/ros/humble/include/rclcpp/rclcpp/memory_strategy.hpp:25[m[K,
                 from [01m[K/opt/ros/humble/include/rclcpp/rclcpp/memory_strategies.hpp:18[m[K,
                 from [01m[K/opt/ros/humble/include/rclcpp/rclcpp/executor_options.hpp:20[m[K,
                 from [01m[K/opt/ros/humble/include/rclcpp/rclcpp/executor.hpp:37[m[K,
                 from [01m[K/opt/ros/humble/include/rclcpp/rclcpp/executors/multi_threaded_executor.hpp:25[m[K,
                 from [01m[K/opt/ros/humble/include/rclcpp/rclcpp/executors.hpp:21[m[K,
                 from [01m[K/opt/ros/humble/include/rclcpp/rclcpp/rclcpp.hpp:155[m[K,
                 from [01m[K/home/alumno1/Documents/destroyer_ws/src/grid_fastslam/include/grid_fastslam/grid_fastslam.hpp:11[m[K,
                 from [01m[K/home/alumno1/Documents/destroyer_ws/src/grid_fastslam/src/grid_fastslam.cpp:2[m[K:
[01m[K/home/alumno1/Documents/destroyer_ws/src/grid_fastslam/src/grid_fastslam.cpp:454:17:[m[K [01;31m[Kerror: [m[Kinvalid use of â€˜[01m[Kthis[m[Kâ€™ in non-member function
  454 |     RCLCPP_INFO([01;31m[Kthis[m[K->get_logger(), "Scan Callback tardÃ³: %ld ms", duration);
      |                 [01;31m[K^~~~[m[K
[01m[K/home/alumno1/Documents/destroyer_ws/src/grid_fastslam/src/grid_fastslam.cpp:454:17:[m[K [01;31m[Kerror: [m[Kinvalid use of â€˜[01m[Kthis[m[Kâ€™ in non-member function
[01m[K/home/alumno1/Documents/destroyer_ws/src/grid_fastslam/src/grid_fastslam.cpp:454:5:[m[K [01;31m[Kerror: [m[Ktemplate argument 1 is invalid
  454 |     [01;31m[KRCLCPP_INFO[m[K(this->get_logger(), "Scan Callback tardÃ³: %ld ms", duration);
      |     [01;31m[K^~~~~~~~~~~[m[K
[01m[K/home/alumno1/Documents/destroyer_ws/src/grid_fastslam/src/grid_fastslam.cpp:454:5:[m[K [01;31m[Kerror: [m[Ktemplate argument 1 is invalid
  454 |     [01;31m[KRCLCPP_INFO[m[K(this->get_logger(), "Scan Callback tardÃ³: %ld ms", duration);
      |     [01;31m[K^~~~~~~~~~~[m[K
[01m[K/home/alumno1/Documents/destroyer_ws/src/grid_fastslam/src/grid_fastslam.cpp:454:5:[m[K [01;31m[Kerror: [m[Ktemplate argument 1 is invalid
  454 |     [01;31m[KRCLCPP_INFO[m[K(this->get_logger(), "Scan Callback tardÃ³: %ld ms", duration);
      |     [01;31m[K^~~~~~~~~~~[m[K
In file included from [01m[K/opt/ros/humble/include/rclcpp/rclcpp/logging.hpp:24[m[K,
                 from [01m[K/opt/ros/humble/include/rclcpp/rclcpp/client.hpp:40[m[K,
                 from [01m[K/opt/ros/humble/include/rclcpp/rclcpp/callback_group.hpp:24[m[K,
                 from [01m[K/opt/ros/humble/include/rclcpp/rclcpp/any_executable.hpp:20[m[K,
                 from [01m[K/opt/ros/humble/include/rclcpp/rclcpp/memory_strategy.hpp:25[m[K,
                 from [01m[K/opt/ros/humble/include/rclcpp/rclcpp/memory_strategies.hpp:18[m[K,
                 from [01m[K/opt/ros/humble/include/rclcpp/rclcpp/executor_options.hpp:20[m[K,
                 from [01m[K/opt/ros/humble/include/rclcpp/rclcpp/executor.hpp:37[m[K,
                 from [01m[K/opt/ros/humble/include/rclcpp/rclcpp/executors/multi_threaded_executor.hpp:25[m[K,
                 from [01m[K/opt/ros/humble/include/rclcpp/rclcpp/executors.hpp:21[m[K,
                 from [01m[K/opt/ros/humble/include/rclcpp/rclcpp/rclcpp.hpp:155[m[K,
                 from [01m[K/home/alumno1/Documents/destroyer_ws/src/grid_fastslam/include/grid_fastslam/grid_fastslam.hpp:11[m[K,
                 from [01m[K/home/alumno1/Documents/destroyer_ws/src/grid_fastslam/src/grid_fastslam.cpp:2[m[K:
[01m[K/home/alumno1/Documents/destroyer_ws/src/grid_fastslam/src/grid_fastslam.cpp:454:17:[m[K [01;31m[Kerror: [m[Kinvalid use of â€˜[01m[Kthis[m[Kâ€™ in non-member function
  454 |     RCLCPP_INFO([01;31m[Kthis[m[K->get_logger(), "Scan Callback tardÃ³: %ld ms", duration);
      |                 [01;31m[K^~~~[m[K
[01m[K/home/alumno1/Documents/destroyer_ws/src/grid_fastslam/src/grid_fastslam.cpp:454:17:[m[K [01;31m[Kerror: [m[Kinvalid use of â€˜[01m[Kthis[m[Kâ€™ in non-member function
  454 |     RCLCPP_INFO([01;31m[Kthis[m[K->get_logger(), "Scan Callback tardÃ³: %ld ms", duration);
      |                 [01;31m[K^~~~[m[K
[01m[K/home/alumno1/Documents/destroyer_ws/src/grid_fastslam/src/grid_fastslam.cpp:[m[K At global scope:
[01m[K/home/alumno1/Documents/destroyer_ws/src/grid_fastslam/src/grid_fastslam.cpp:457:6:[m[K [01;31m[Kerror: [m[Kâ€˜[01m[KGridFastSlam[m[Kâ€™ has not been declared
  457 | void [01;31m[KGridFastSlam[m[K::publish_map_and_path()
      |      [01;31m[K^~~~~~~~~~~~[m[K
[01m[K/home/alumno1/Documents/destroyer_ws/src/grid_fastslam/src/grid_fastslam.cpp:[m[K In function â€˜[01m[Kvoid publish_map_and_path()[m[Kâ€™:
[01m[K/home/alumno1/Documents/destroyer_ws/src/grid_fastslam/src/grid_fastslam.cpp:460:37:[m[K [01;31m[Kerror: [m[Kâ€˜[01m[Kparticles_[m[Kâ€™ was not declared in this scope
  460 |     auto best_it = std::max_element([01;31m[Kparticles_[m[K.begin(), particles_.end(),
      |                                     [01;31m[K^~~~~~~~~~[m[K
[01m[K/home/alumno1/Documents/destroyer_ws/src/grid_fastslam/src/grid_fastslam.cpp:461:46:[m[K [01;31m[Kerror: [m[Kâ€˜[01m[KParticle[m[Kâ€™ does not name a type
  461 |                                     [](const [01;31m[KParticle[m[K &a, const Particle &b)
      |                                              [01;31m[K^~~~~~~~[m[K
[01m[K/home/alumno1/Documents/destroyer_ws/src/grid_fastslam/src/grid_fastslam.cpp:[m[K In lambda function:
[01m[K/home/alumno1/Documents/destroyer_ws/src/grid_fastslam/src/grid_fastslam.cpp:462:69:[m[K [01;31m[Kerror: [m[Kexpected â€˜[01m[K{[m[Kâ€™ before â€˜[01m[K;[m[Kâ€™ token
  462 |                                     { return a.weight < b.weight; })[01;31m[K;[m[K
      |                                                                     [01;31m[K^[m[K
[01m[K/home/alumno1/Documents/destroyer_ws/src/grid_fastslam/src/grid_fastslam.cpp:[m[K In function â€˜[01m[Kvoid publish_map_and_path()[m[Kâ€™:
[01m[K/home/alumno1/Documents/destroyer_ws/src/grid_fastslam/src/grid_fastslam.cpp:462:69:[m[K [01;31m[Kerror: [m[Kexpected â€˜[01m[K)[m[Kâ€™ before â€˜[01m[K;[m[Kâ€™ token
  462 |                                     { return a.weight < b.weight; })[01;31m[K;[m[K
      |                                                                     [01;31m[K^[m[K
      |                                                                     [32m[K)[m[K
[01m[K/home/alumno1/Documents/destroyer_ws/src/grid_fastslam/src/grid_fastslam.cpp:460:36:[m[K [01;36m[Knote: [m[Kto match this â€˜[01m[K([m[Kâ€™
  460 |     auto best_it = std::max_element[01;36m[K([m[Kparticles_.begin(), particles_.end(),
      |                                    [01;36m[K^[m[K
[01m[K/home/alumno1/Documents/destroyer_ws/src/grid_fastslam/src/grid_fastslam.cpp:467:48:[m[K [01;31m[Kerror: [m[Kâ€˜[01m[Kcurrent_best_index_[m[Kâ€™ was not declared in this scope
  467 |     double current_display_weight = particles_[[01;31m[Kcurrent_best_index_[m[K].weight;
      |                                                [01;31m[K^~~~~~~~~~~~~~~~~~~[m[K
[01m[K/home/alumno1/Documents/destroyer_ws/src/grid_fastslam/src/grid_fastslam.cpp:472:32:[m[K [01;31m[Kerror: [m[Kâ€˜[01m[Knum_particles_[m[Kâ€™ was not declared in this scope
  472 |     if (current_best_index_ >= [01;31m[Knum_particles_[m[K)
      |                                [01;31m[K^~~~~~~~~~~~~~[m[K
[01m[K/home/alumno1/Documents/destroyer_ws/src/grid_fastslam/src/grid_fastslam.cpp:479:28:[m[K [01;31m[Kerror: [m[Kinvalid use of â€˜[01m[Kthis[m[Kâ€™ in non-member function
  479 |     map_msg.header.stamp = [01;31m[Kthis[m[K->now();
      |                            [01;31m[K^~~~[m[K
[01m[K/home/alumno1/Documents/destroyer_ws/src/grid_fastslam/src/grid_fastslam.cpp:481:31:[m[K [01;31m[Kerror: [m[Kâ€˜[01m[KRESOLUTION[m[Kâ€™ was not declared in this scope; did you mean â€˜[01m[Kgrid_fastslam::RESOLUTION[m[Kâ€™?
  481 |     map_msg.info.resolution = [01;31m[KRESOLUTION[m[K;
      |                               [01;31m[K^~~~~~~~~~[m[K
      |                               [32m[Kgrid_fastslam::RESOLUTION[m[K
In file included from [01m[K/home/alumno1/Documents/destroyer_ws/src/grid_fastslam/src/grid_fastslam.cpp:2[m[K:
[01m[K/home/alumno1/Documents/destroyer_ws/src/grid_fastslam/include/grid_fastslam/grid_fastslam.hpp:28:22:[m[K [01;36m[Knote: [m[Kâ€˜[01m[Kgrid_fastslam::RESOLUTION[m[Kâ€™ declared here
   28 |     constexpr double [01;36m[KRESOLUTION[m[K = 0.05;
      |                      [01;36m[K^~~~~~~~~~[m[K
[01m[K/home/alumno1/Documents/destroyer_ws/src/grid_fastslam/src/grid_fastslam.cpp:482:26:[m[K [01;31m[Kerror: [m[Kâ€˜[01m[KMAP_WIDTH[m[Kâ€™ was not declared in this scope; did you mean â€˜[01m[Kgrid_fastslam::MAP_WIDTH[m[Kâ€™?
  482 |     map_msg.info.width = [01;31m[KMAP_WIDTH[m[K;
      |                          [01;31m[K^~~~~~~~~[m[K
      |                          [32m[Kgrid_fastslam::MAP_WIDTH[m[K
In file included from [01m[K/home/alumno1/Documents/destroyer_ws/src/grid_fastslam/src/grid_fastslam.cpp:2[m[K:
[01m[K/home/alumno1/Documents/destroyer_ws/src/grid_fastslam/include/grid_fastslam/grid_fastslam.hpp:27:19:[m[K [01;36m[Knote: [m[Kâ€˜[01m[Kgrid_fastslam::MAP_WIDTH[m[Kâ€™ declared here
   27 |     constexpr int [01;36m[KMAP_WIDTH[m[K = 400;
      |                   [01;36m[K^~~~~~~~~[m[K
[01m[K/home/alumno1/Documents/destroyer_ws/src/grid_fastslam/src/grid_fastslam.cpp:483:27:[m[K [01;31m[Kerror: [m[Kâ€˜[01m[KMAP_HEIGHT[m[Kâ€™ was not declared in this scope; did you mean â€˜[01m[Kgrid_fastslam::MAP_HEIGHT[m[Kâ€™?
  483 |     map_msg.info.height = [01;31m[KMAP_HEIGHT[m[K;
      |                           [01;31m[K^~~~~~~~~~[m[K
      |                           [32m[Kgrid_fastslam::MAP_HEIGHT[m[K
In file included from [01m[K/home/alumno1/Documents/destroyer_ws/src/grid_fastslam/src/grid_fastslam.cpp:2[m[K:
[01m[K/home/alumno1/Documents/destroyer_ws/src/grid_fastslam/include/grid_fastslam/grid_fastslam.hpp:26:19:[m[K [01;36m[Knote: [m[Kâ€˜[01m[Kgrid_fastslam::MAP_HEIGHT[m[Kâ€™ declared here
   26 |     constexpr int [01;36m[KMAP_HEIGHT[m[K = 400;
      |                   [01;36m[K^~~~~~~~~~[m[K
[01m[K/home/alumno1/Documents/destroyer_ws/src/grid_fastslam/src/grid_fastslam.cpp:484:38:[m[K [01;31m[Kerror: [m[Kâ€˜[01m[KOX[m[Kâ€™ was not declared in this scope; did you mean â€˜[01m[Kgrid_fastslam::OX[m[Kâ€™?
  484 |     map_msg.info.origin.position.x = [01;31m[KOX[m[K;
      |                                      [01;31m[K^~[m[K
      |                                      [32m[Kgrid_fastslam::OX[m[K
In file included from [01m[K/home/alumno1/Documents/destroyer_ws/src/grid_fastslam/src/grid_fastslam.cpp:2[m[K:
[01m[K/home/alumno1/Documents/destroyer_ws/src/grid_fastslam/include/grid_fastslam/grid_fastslam.hpp:29:22:[m[K [01;36m[Knote: [m[Kâ€˜[01m[Kgrid_fastslam::OX[m[Kâ€™ declared here
   29 |     constexpr double [01;36m[KOX[m[K = -(MAP_WIDTH * RESOLUTION) / 2.0;
      |                      [01;36m[K^~[m[K
[01m[K/home/alumno1/Documents/destroyer_ws/src/grid_fastslam/src/grid_fastslam.cpp:485:38:[m[K [01;31m[Kerror: [m[Kâ€˜[01m[KOY[m[Kâ€™ was not declared in this scope; did you mean â€˜[01m[Kgrid_fastslam::OY[m[Kâ€™?
  485 |     map_msg.info.origin.position.y = [01;31m[KOY[m[K;
      |                                      [01;31m[K^~[m[K
      |                                      [32m[Kgrid_fastslam::OY[m[K
In file included from [01m[K/home/alumno1/Documents/destroyer_ws/src/grid_fastslam/src/grid_fastslam.cpp:2[m[K:
[01m[K/home/alumno1/Documents/destroyer_ws/src/grid_fastslam/include/grid_fastslam/grid_fastslam.hpp:30:22:[m[K [01;36m[Knote: [m[Kâ€˜[01m[Kgrid_fastslam::OY[m[Kâ€™ declared here
   30 |     constexpr double [01;36m[KOY[m[K = -(MAP_HEIGHT * RESOLUTION) / 2.0;
      |                      [01;36m[K^~[m[K
[01m[K/home/alumno1/Documents/destroyer_ws/src/grid_fastslam/src/grid_fastslam.cpp:499:5:[m[K [01;31m[Kerror: [m[Kâ€˜[01m[Kmap_pub_[m[Kâ€™ was not declared in this scope
  499 |     [01;31m[Kmap_pub_[m[K->publish(map_msg);
      |     [01;31m[K^~~~~~~~[m[K
[01m[K/home/alumno1/Documents/destroyer_ws/src/grid_fastslam/src/grid_fastslam.cpp:503:33:[m[K [01;31m[Kerror: [m[Kinvalid use of â€˜[01m[Kthis[m[Kâ€™ in non-member function
  503 |     best_map_msg.header.stamp = [01;31m[Kthis[m[K->now();
      |                                 [01;31m[K^~~~[m[K
[01m[K/home/alumno1/Documents/destroyer_ws/src/grid_fastslam/src/grid_fastslam.cpp:519:5:[m[K [01;31m[Kerror: [m[Kâ€˜[01m[Kbest_map_pub_[m[Kâ€™ was not declared in this scope; did you mean â€˜[01m[Kbest_map_msg[m[Kâ€™?
  519 |     [01;31m[Kbest_map_pub_[m[K->publish(best_map_msg);
      |     [01;31m[K^~~~~~~~~~~~~[m[K
      |     [32m[Kbest_map_msg[m[K
[01m[K/home/alumno1/Documents/destroyer_ws/src/grid_fastslam/src/grid_fastslam.cpp:531:5:[m[K [01;31m[Kerror: [m[Kâ€˜[01m[Kpath_msg_[m[Kâ€™ was not declared in this scope
  531 |     [01;31m[Kpath_msg_[m[K.header.stamp = this->now();
      |     [01;31m[K^~~~~~~~~[m[K
[01m[K/home/alumno1/Documents/destroyer_ws/src/grid_fastslam/src/grid_fastslam.cpp:531:30:[m[K [01;31m[Kerror: [m[Kinvalid use of â€˜[01m[Kthis[m[Kâ€™ in non-member function
  531 |     path_msg_.header.stamp = [01;31m[Kthis[m[K->now();
      |                              [01;31m[K^~~~[m[K
[01m[K/home/alumno1/Documents/destroyer_ws/src/grid_fastslam/src/grid_fastslam.cpp:534:5:[m[K [01;31m[Kerror: [m[Kâ€˜[01m[Kpose_pub_[m[Kâ€™ was not declared in this scope
  534 |     [01;31m[Kpose_pub_[m[K->publish(pose);
      |     [01;31m[K^~~~~~~~~[m[K
[01m[K/home/alumno1/Documents/destroyer_ws/src/grid_fastslam/src/grid_fastslam.cpp:535:5:[m[K [01;31m[Kerror: [m[Kâ€˜[01m[Kpath_pub_[m[Kâ€™ was not declared in this scope
  535 |     [01;31m[Kpath_pub_[m[K->publish(path_msg_);
      |     [01;31m[K^~~~~~~~~[m[K
[01m[K/home/alumno1/Documents/destroyer_ws/src/grid_fastslam/src/grid_fastslam.cpp:539:30:[m[K [01;31m[Kerror: [m[Kinvalid use of â€˜[01m[Kthis[m[Kâ€™ in non-member function
  539 |     cloud_msg.header.stamp = [01;31m[Kthis[m[K->now();
      |                              [01;31m[K^~~~[m[K
[01m[K/home/alumno1/Documents/destroyer_ws/src/grid_fastslam/src/grid_fastslam.cpp:565:5:[m[K [01;31m[Kerror: [m[Kâ€˜[01m[Kparticles_pub_[m[Kâ€™ was not declared in this scope
  565 |     [01;31m[Kparticles_pub_[m[K->publish(cloud_msg);
      |     [01;31m[K^~~~~~~~~~~~~~[m[K
[01m[K/home/alumno1/Documents/destroyer_ws/src/grid_fastslam/src/grid_fastslam.cpp:[m[K At global scope:
[01m[K/home/alumno1/Documents/destroyer_ws/src/grid_fastslam/src/grid_fastslam.cpp:568:1:[m[K [01;31m[Kerror: [m[Kexpected declaration before â€˜[01m[K}[m[Kâ€™ token
  568 | [01;31m[K}[m[K // namespace grid_fastslam
      | [01;31m[K^[m[K
gmake[2]: *** [CMakeFiles/grid_fastslam_node.dir/build.make:76: CMakeFiles/grid_fastslam_node.dir/src/grid_fastslam.cpp.o] Error 1
gmake[1]: *** [CMakeFiles/Makefile2:137: CMakeFiles/grid_fastslam_node.dir/all] Error 2
gmake: *** [Makefile:146: all] Error 2
