[0.008s] Invoking command in '/home/alumno1/Documents/destroyer_ws/build/grid_fastslam': CMAKE_PREFIX_PATH=/home/alumno1/Documents/destroyer_ws/install/custom_msgs:/home/alumno1/Documents/destroyer_ws/install/turtlebot3_custom_simulation:/home/alumno1/Documents/destroyer_ws/install/grid_fastslam:/home/alumno1/turtlebot3_ws/install/turtlebot3:/home/alumno1/turtlebot3_ws/install/turtlebot3_simulations:/home/alumno1/turtlebot3_ws/install/turtlebot3_bringup:/home/alumno1/turtlebot3_ws/install/turtlebot3_node:/home/alumno1/turtlebot3_ws/install/turtlebot3_navigation2:/home/alumno1/turtlebot3_ws/install/turtlebot3_fake_node:/home/alumno1/turtlebot3_ws/install/turtlebot3_custom_simulation:/home/alumno1/turtlebot3_ws/install/turtlebot3_msgs:/home/alumno1/turtlebot3_ws/install/turtlebot3_gazebo:/home/alumno1/turtlebot3_ws/install/turtlebot3_description:/home/alumno1/turtlebot3_ws/install/turtlebot3_cartographer:/home/alumno1/turtlebot3_ws/install/dynamixel_sdk_examples:/home/alumno1/turtlebot3_ws/install/dynamixel_sdk_custom_interfaces:/home/alumno1/turtlebot3_ws/install/dynamixel_sdk:/home/alumno1/Documents/destroyer_ws/install/tools:/home/alumno1/Documents/destroyer_ws/install/state_machine:/home/alumno1/Documents/destroyer_ws/install/mappeate_y_ubicate:/home/alumno1/turtlebot3_ws/install/turtlebot3_teleop:/home/alumno1/turtlebot3_ws/install/turtlebot3_example:/opt/ros/humble LD_LIBRARY_PATH=/home/alumno1/Documents/destroyer_ws/install/custom_msgs/lib:/home/alumno1/turtlebot3_ws/install/turtlebot3_msgs/lib:/home/alumno1/turtlebot3_ws/install/dynamixel_sdk_custom_interfaces/lib:/home/alumno1/turtlebot3_ws/install/dynamixel_sdk/lib:/usr/lib/x86_64-linux-gnu/gazebo-11/plugins:/opt/ros/humble/opt/rviz_ogre_vendor/lib:/opt/ros/humble/lib/x86_64-linux-gnu:/opt/ros/humble/lib:/usr/lib/x86_64-linux-gnu/gazebo-11/plugins /usr/bin/cmake --build /home/alumno1/Documents/destroyer_ws/build/grid_fastslam -- -j28 -l28
[0.033s] [35m[1mConsolidate compiler generated dependencies of target grid_fastslam_node[0m
[0.045s] [ 33%] [32mBuilding CXX object CMakeFiles/grid_fastslam_node.dir/src/grid_fastslam.cpp.o[0m
[1.127s] [01m[K/home/alumno1/Documents/destroyer_ws/src/grid_fastslam/src/grid_fastslam.cpp:371:5:[m[K [01;31m[Kerror: [m[Kexpected unqualified-id before â€˜[01m[Kif[m[Kâ€™
[1.127s]   371 |     [01;31m[Kif[m[K (!any_valid_weight)
[1.127s]       |     [01;31m[K^~[m[K
[1.127s] [01m[K/home/alumno1/Documents/destroyer_ws/src/grid_fastslam/src/grid_fastslam.cpp:376:5:[m[K [01;31m[Kerror: [m[Kexpected unqualified-id before â€˜[01m[Kelse[m[Kâ€™
[1.127s]   376 |     [01;31m[Kelse[m[K
[1.127s]       |     [01;31m[K^~~~[m[K
[1.127s] [01m[K/home/alumno1/Documents/destroyer_ws/src/grid_fastslam/src/grid_fastslam.cpp:386:6:[m[K [01;31m[Kerror: [m[Kâ€˜[01m[KGridFastSlam[m[Kâ€™ has not been declared
[1.127s]   386 | void [01;31m[KGridFastSlam[m[K::resample()
[1.127s]       |      [01;31m[K^~~~~~~~~~~~[m[K
[1.130s] [01m[K/home/alumno1/Documents/destroyer_ws/src/grid_fastslam/src/grid_fastslam.cpp:[m[K In function â€˜[01m[Kvoid resample()[m[Kâ€™:
[1.130s] [01m[K/home/alumno1/Documents/destroyer_ws/src/grid_fastslam/src/grid_fastslam.cpp:390:26:[m[K [01;31m[Kerror: [m[Kâ€˜[01m[Kparticles_[m[Kâ€™ was not declared in this scope
[1.130s]   390 |     for (const auto &p : [01;31m[Kparticles_[m[K)
[1.130s]       |                          [01;31m[K^~~~~~~~~~[m[K
[1.132s] [01m[K/home/alumno1/Documents/destroyer_ws/src/grid_fastslam/src/grid_fastslam.cpp:397:18:[m[K [01;31m[Kerror: [m[Kâ€˜[01m[Knum_particles_[m[Kâ€™ was not declared in this scope
[1.132s]   397 |     if (n_eff <= [01;31m[Knum_particles_[m[K * 0.9)
[1.132s]       |                  [01;31m[K^~~~~~~~~~~~~~[m[K
[1.132s] [01m[K/home/alumno1/Documents/destroyer_ws/src/grid_fastslam/src/grid_fastslam.cpp:400:21:[m[K [01;31m[Kerror: [m[Kâ€˜[01m[KParticle[m[Kâ€™ was not declared in this scope; did you mean â€˜[01m[Kgrid_fastslam::Particle[m[Kâ€™?
[1.132s]   400 |         std::vector<[01;31m[KParticle[m[K> new_particles;
[1.132s]       |                     [01;31m[K^~~~~~~~[m[K
[1.132s]       |                     [32m[Kgrid_fastslam::Particle[m[K
[1.132s] In file included from [01m[K/home/alumno1/Documents/destroyer_ws/src/grid_fastslam/src/grid_fastslam.cpp:2[m[K:
[1.132s] [01m[K/home/alumno1/Documents/destroyer_ws/src/grid_fastslam/include/grid_fastslam/grid_fastslam.hpp:45:12:[m[K [01;36m[Knote: [m[Kâ€˜[01m[Kgrid_fastslam::Particle[m[Kâ€™ declared here
[1.132s]    45 |     struct [01;36m[KParticle[m[K
[1.132s]       |            [01;36m[K^~~~~~~~[m[K
[1.132s] [01m[K/home/alumno1/Documents/destroyer_ws/src/grid_fastslam/src/grid_fastslam.cpp:400:29:[m[K [01;31m[Kerror: [m[Ktemplate argument 1 is invalid
[1.132s]   400 |         std::vector<Particle[01;31m[K>[m[K new_particles;
[1.132s]       |                             [01;31m[K^[m[K
[1.132s] [01m[K/home/alumno1/Documents/destroyer_ws/src/grid_fastslam/src/grid_fastslam.cpp:400:29:[m[K [01;31m[Kerror: [m[Ktemplate argument 2 is invalid
[1.132s] [01m[K/home/alumno1/Documents/destroyer_ws/src/grid_fastslam/src/grid_fastslam.cpp:401:23:[m[K [01;31m[Kerror: [m[Krequest for member â€˜[01m[Kreserve[m[Kâ€™ in â€˜[01m[Knew_particles[m[Kâ€™, which is of non-class type â€˜[01m[Kint[m[Kâ€™
[1.132s]   401 |         new_particles.[01;31m[Kreserve[m[K(num_particles_);
[1.133s]       |                       [01;31m[K^~~~~~~[m[K
[1.134s] [01m[K/home/alumno1/Documents/destroyer_ws/src/grid_fastslam/src/grid_fastslam.cpp:404:25:[m[K [01;31m[Kerror: [m[Kâ€˜[01m[Krng_[m[Kâ€™ was not declared in this scope
[1.134s]   404 |         double r = dist([01;31m[Krng_[m[K);           // Random start point
[1.134s]       |                         [01;31m[K^~~~[m[K
[1.135s] [01m[K/home/alumno1/Documents/destroyer_ws/src/grid_fastslam/src/grid_fastslam.cpp:405:20:[m[K [01;31m[Kerror: [m[Kâ€˜[01m[Kparticles_[m[Kâ€™ was not declared in this scope; did you mean â€˜[01m[Knew_particles[m[Kâ€™?
[1.135s]   405 |         double c = [01;31m[Kparticles_[m[K[0].weight; // Cumulative weight
[1.136s]       |                    [01;31m[K^~~~~~~~~~[m[K
[1.136s]       |                    [32m[Knew_particles[m[K
[1.136s] [01m[K/home/alumno1/Documents/destroyer_ws/src/grid_fastslam/src/grid_fastslam.cpp:420:21:[m[K [01;31m[Kerror: [m[Kexpected â€˜[01m[K;[m[Kâ€™ before â€˜[01m[Kp_copy[m[Kâ€™
[1.136s]   420 |             Particle[01;31m[K [m[K[32m[Kp_copy[m[K = particles_[i];
[1.136s]       |                     [01;31m[K^[m[K[32m[K~~~~~~[m[K
[1.136s]       |                     [32m[K;[m[K
[1.137s] [01m[K/home/alumno1/Documents/destroyer_ws/src/grid_fastslam/src/grid_fastslam.cpp:421:13:[m[K [01;31m[Kerror: [m[Kâ€˜[01m[Kp_copy[m[Kâ€™ was not declared in this scope; did you mean â€˜[01m[Kbcopy[m[Kâ€™?
[1.137s]   421 |             [01;31m[Kp_copy[m[K.weight = 1.0 / num_particles_; // Reset weight after resampling
[1.137s]       |             [01;31m[K^~~~~~[m[K
[1.137s]       |             [32m[Kbcopy[m[K
[1.137s] [01m[K/home/alumno1/Documents/destroyer_ws/src/grid_fastslam/src/grid_fastslam.cpp:422:27:[m[K [01;31m[Kerror: [m[Krequest for member â€˜[01m[Kpush_back[m[Kâ€™ in â€˜[01m[Knew_particles[m[Kâ€™, which is of non-class type â€˜[01m[Kint[m[Kâ€™
[1.137s]   422 |             new_particles.[01;31m[Kpush_back[m[K(p_copy);
[1.137s]       |                           [01;31m[K^~~~~~~~~[m[K
[1.140s] [01m[K/home/alumno1/Documents/destroyer_ws/src/grid_fastslam/src/grid_fastslam.cpp:427:9:[m[K [01;31m[Kerror: [m[Kâ€˜[01m[Kcurrent_best_index_[m[Kâ€™ was not declared in this scope
[1.140s]   427 |         [01;31m[Kcurrent_best_index_[m[K = 0;
[1.140s]       |         [01;31m[K^~~~~~~~~~~~~~~~~~~[m[K
[1.140s] [01m[K/home/alumno1/Documents/destroyer_ws/src/grid_fastslam/src/grid_fastslam.cpp:[m[K At global scope:
[1.140s] [01m[K/home/alumno1/Documents/destroyer_ws/src/grid_fastslam/src/grid_fastslam.cpp:431:6:[m[K [01;31m[Kerror: [m[Kâ€˜[01m[KGridFastSlam[m[Kâ€™ has not been declared
[1.140s]   431 | void [01;31m[KGridFastSlam[m[K::scan_callback(const sensor_msgs::msg::LaserScan::SharedPtr msg)
[1.140s]       |      [01;31m[K^~~~~~~~~~~~[m[K
[1.141s] [01m[K/home/alumno1/Documents/destroyer_ws/src/grid_fastslam/src/grid_fastslam.cpp:[m[K In function â€˜[01m[Kvoid scan_callback(sensor_msgs::msg::LaserScan_<std::allocator<void> >::SharedPtr)[m[Kâ€™:
[1.141s] [01m[K/home/alumno1/Documents/destroyer_ws/src/grid_fastslam/src/grid_fastslam.cpp:434:5:[m[K [01;31m[Kerror: [m[Kâ€˜[01m[Kinit_lut[m[Kâ€™ was not declared in this scope
[1.141s]   434 |     [01;31m[Kinit_lut[m[K(msg);
[1.141s]       |     [01;31m[K^~~~~~~~[m[K
[1.144s] [01m[K/home/alumno1/Documents/destroyer_ws/src/grid_fastslam/src/grid_fastslam.cpp:436:5:[m[K [01;31m[Kerror: [m[Kâ€˜[01m[Kupdate_particles[m[Kâ€™ was not declared in this scope
[1.144s]   436 |     [01;31m[Kupdate_particles[m[K(msg);
[1.144s]       |     [01;31m[K^~~~~~~~~~~~~~~~[m[K
[1.146s] [01m[K/home/alumno1/Documents/destroyer_ws/src/grid_fastslam/src/grid_fastslam.cpp:439:5:[m[K [01;31m[Kerror: [m[Kâ€˜[01m[Kmap_update_counter[m[Kâ€™ was not declared in this scope
[1.146s]   439 |     [01;31m[Kmap_update_counter[m[K++;
[1.146s]       |     [01;31m[K^~~~~~~~~~~~~~~~~~[m[K
[1.149s] [01m[K/home/alumno1/Documents/destroyer_ws/src/grid_fastslam/src/grid_fastslam.cpp:440:31:[m[K [01;31m[Kerror: [m[Kâ€˜[01m[Kmap_update_interval[m[Kâ€™ was not declared in this scope
[1.149s]   440 |     if (map_update_counter >= [01;31m[Kmap_update_interval[m[K)
[1.149s]       |                               [01;31m[K^~~~~~~~~~~~~~~~~~~[m[K
[1.151s] [01m[K/home/alumno1/Documents/destroyer_ws/src/grid_fastslam/src/grid_fastslam.cpp:443:24:[m[K [01;31m[Kerror: [m[Kâ€˜[01m[Kparticles_[m[Kâ€™ was not declared in this scope
[1.151s]   443 |         for (auto &p : [01;31m[Kparticles_[m[K)
[1.151s]       |                        [01;31m[K^~~~~~~~~~[m[K
[1.153s] [01m[K/home/alumno1/Documents/destroyer_ws/src/grid_fastslam/src/grid_fastslam.cpp:445:13:[m[K [01;31m[Kerror: [m[Kâ€˜[01m[Kupdate_grid[m[Kâ€™ was not declared in this scope
[1.153s]   445 |             [01;31m[Kupdate_grid[m[K(p, msg);
[1.153s]       |             [01;31m[K^~~~~~~~~~~[m[K
[1.153s] [01m[K/home/alumno1/Documents/destroyer_ws/src/grid_fastslam/src/grid_fastslam.cpp:443:9:[m[K [01;31m[Kerror: [m[Kinvalid type for iteration variable â€˜[01m[K<anonymous>[m[Kâ€™
[1.153s]   443 |         [01;31m[Kfor[m[K (auto &p : particles_)
[1.153s]       |         [01;31m[K^~~[m[K
[1.156s] [01m[K/home/alumno1/Documents/destroyer_ws/src/grid_fastslam/src/grid_fastslam.cpp:450:5:[m[K [01;31m[Kerror: [m[Kâ€˜[01m[Kpublish_map_and_path[m[Kâ€™ was not declared in this scope
[1.156s]   450 |     [01;31m[Kpublish_map_and_path[m[K();
[1.156s]       |     [01;31m[K^~~~~~~~~~~~~~~~~~~~[m[K
[1.156s] In file included from [01m[K/opt/ros/humble/include/rclcpp/rclcpp/client.hpp:40[m[K,
[1.156s]                  from [01m[K/opt/ros/humble/include/rclcpp/rclcpp/callback_group.hpp:24[m[K,
[1.156s]                  from [01m[K/opt/ros/humble/include/rclcpp/rclcpp/any_executable.hpp:20[m[K,
[1.156s]                  from [01m[K/opt/ros/humble/include/rclcpp/rclcpp/memory_strategy.hpp:25[m[K,
[1.156s]                  from [01m[K/opt/ros/humble/include/rclcpp/rclcpp/memory_strategies.hpp:18[m[K,
[1.156s]                  from [01m[K/opt/ros/humble/include/rclcpp/rclcpp/executor_options.hpp:20[m[K,
[1.156s]                  from [01m[K/opt/ros/humble/include/rclcpp/rclcpp/executor.hpp:37[m[K,
[1.156s]                  from [01m[K/opt/ros/humble/include/rclcpp/rclcpp/executors/multi_threaded_executor.hpp:25[m[K,
[1.156s]                  from [01m[K/opt/ros/humble/include/rclcpp/rclcpp/executors.hpp:21[m[K,
[1.157s]                  from [01m[K/opt/ros/humble/include/rclcpp/rclcpp/rclcpp.hpp:155[m[K,
[1.157s]                  from [01m[K/home/alumno1/Documents/destroyer_ws/src/grid_fastslam/include/grid_fastslam/grid_fastslam.hpp:11[m[K,
[1.157s]                  from [01m[K/home/alumno1/Documents/destroyer_ws/src/grid_fastslam/src/grid_fastslam.cpp:2[m[K:
[1.157s] [01m[K/home/alumno1/Documents/destroyer_ws/src/grid_fastslam/src/grid_fastslam.cpp:454:17:[m[K [01;31m[Kerror: [m[Kinvalid use of â€˜[01m[Kthis[m[Kâ€™ in non-member function
[1.157s]   454 |     RCLCPP_INFO([01;31m[Kthis[m[K->get_logger(), "Scan Callback tardÃ³: %ld ms", duration);
[1.157s]       |                 [01;31m[K^~~~[m[K
[1.157s] [01m[K/home/alumno1/Documents/destroyer_ws/src/grid_fastslam/src/grid_fastslam.cpp:454:17:[m[K [01;31m[Kerror: [m[Kinvalid use of â€˜[01m[Kthis[m[Kâ€™ in non-member function
[1.157s] [01m[K/home/alumno1/Documents/destroyer_ws/src/grid_fastslam/src/grid_fastslam.cpp:454:5:[m[K [01;31m[Kerror: [m[Ktemplate argument 1 is invalid
[1.157s]   454 |     [01;31m[KRCLCPP_INFO[m[K(this->get_logger(), "Scan Callback tardÃ³: %ld ms", duration);
[1.157s]       |     [01;31m[K^~~~~~~~~~~[m[K
[1.157s] [01m[K/home/alumno1/Documents/destroyer_ws/src/grid_fastslam/src/grid_fastslam.cpp:454:5:[m[K [01;31m[Kerror: [m[Ktemplate argument 1 is invalid
[1.157s]   454 |     [01;31m[KRCLCPP_INFO[m[K(this->get_logger(), "Scan Callback tardÃ³: %ld ms", duration);
[1.157s]       |     [01;31m[K^~~~~~~~~~~[m[K
[1.157s] [01m[K/home/alumno1/Documents/destroyer_ws/src/grid_fastslam/src/grid_fastslam.cpp:454:5:[m[K [01;31m[Kerror: [m[Ktemplate argument 1 is invalid
[1.157s]   454 |     [01;31m[KRCLCPP_INFO[m[K(this->get_logger(), "Scan Callback tardÃ³: %ld ms", duration);
[1.157s]       |     [01;31m[K^~~~~~~~~~~[m[K
[1.157s] In file included from [01m[K/opt/ros/humble/include/rclcpp/rclcpp/logging.hpp:24[m[K,
[1.157s]                  from [01m[K/opt/ros/humble/include/rclcpp/rclcpp/client.hpp:40[m[K,
[1.157s]                  from [01m[K/opt/ros/humble/include/rclcpp/rclcpp/callback_group.hpp:24[m[K,
[1.157s]                  from [01m[K/opt/ros/humble/include/rclcpp/rclcpp/any_executable.hpp:20[m[K,
[1.157s]                  from [01m[K/opt/ros/humble/include/rclcpp/rclcpp/memory_strategy.hpp:25[m[K,
[1.157s]                  from [01m[K/opt/ros/humble/include/rclcpp/rclcpp/memory_strategies.hpp:18[m[K,
[1.157s]                  from [01m[K/opt/ros/humble/include/rclcpp/rclcpp/executor_options.hpp:20[m[K,
[1.157s]                  from [01m[K/opt/ros/humble/include/rclcpp/rclcpp/executor.hpp:37[m[K,
[1.157s]                  from [01m[K/opt/ros/humble/include/rclcpp/rclcpp/executors/multi_threaded_executor.hpp:25[m[K,
[1.157s]                  from [01m[K/opt/ros/humble/include/rclcpp/rclcpp/executors.hpp:21[m[K,
[1.157s]                  from [01m[K/opt/ros/humble/include/rclcpp/rclcpp/rclcpp.hpp:155[m[K,
[1.157s]                  from [01m[K/home/alumno1/Documents/destroyer_ws/src/grid_fastslam/include/grid_fastslam/grid_fastslam.hpp:11[m[K,
[1.157s]                  from [01m[K/home/alumno1/Documents/destroyer_ws/src/grid_fastslam/src/grid_fastslam.cpp:2[m[K:
[1.157s] [01m[K/home/alumno1/Documents/destroyer_ws/src/grid_fastslam/src/grid_fastslam.cpp:454:17:[m[K [01;31m[Kerror: [m[Kinvalid use of â€˜[01m[Kthis[m[Kâ€™ in non-member function
[1.157s]   454 |     RCLCPP_INFO([01;31m[Kthis[m[K->get_logger(), "Scan Callback tardÃ³: %ld ms", duration);
[1.157s]       |                 [01;31m[K^~~~[m[K
[1.157s] [01m[K/home/alumno1/Documents/destroyer_ws/src/grid_fastslam/src/grid_fastslam.cpp:454:17:[m[K [01;31m[Kerror: [m[Kinvalid use of â€˜[01m[Kthis[m[Kâ€™ in non-member function
[1.157s]   454 |     RCLCPP_INFO([01;31m[Kthis[m[K->get_logger(), "Scan Callback tardÃ³: %ld ms", duration);
[1.157s]       |                 [01;31m[K^~~~[m[K
[1.157s] [01m[K/home/alumno1/Documents/destroyer_ws/src/grid_fastslam/src/grid_fastslam.cpp:[m[K At global scope:
[1.157s] [01m[K/home/alumno1/Documents/destroyer_ws/src/grid_fastslam/src/grid_fastslam.cpp:457:6:[m[K [01;31m[Kerror: [m[Kâ€˜[01m[KGridFastSlam[m[Kâ€™ has not been declared
[1.157s]   457 | void [01;31m[KGridFastSlam[m[K::publish_map_and_path()
[1.157s]       |      [01;31m[K^~~~~~~~~~~~[m[K
[1.158s] [01m[K/home/alumno1/Documents/destroyer_ws/src/grid_fastslam/src/grid_fastslam.cpp:[m[K In function â€˜[01m[Kvoid publish_map_and_path()[m[Kâ€™:
[1.158s] [01m[K/home/alumno1/Documents/destroyer_ws/src/grid_fastslam/src/grid_fastslam.cpp:460:37:[m[K [01;31m[Kerror: [m[Kâ€˜[01m[Kparticles_[m[Kâ€™ was not declared in this scope
[1.158s]   460 |     auto best_it = std::max_element([01;31m[Kparticles_[m[K.begin(), particles_.end(),
[1.158s]       |                                     [01;31m[K^~~~~~~~~~[m[K
[1.159s] [01m[K/home/alumno1/Documents/destroyer_ws/src/grid_fastslam/src/grid_fastslam.cpp:461:46:[m[K [01;31m[Kerror: [m[Kâ€˜[01m[KParticle[m[Kâ€™ does not name a type
[1.159s]   461 |                                     [](const [01;31m[KParticle[m[K &a, const Particle &b)
[1.159s]       |                                              [01;31m[K^~~~~~~~[m[K
[1.159s] [01m[K/home/alumno1/Documents/destroyer_ws/src/grid_fastslam/src/grid_fastslam.cpp:[m[K In lambda function:
[1.159s] [01m[K/home/alumno1/Documents/destroyer_ws/src/grid_fastslam/src/grid_fastslam.cpp:462:69:[m[K [01;31m[Kerror: [m[Kexpected â€˜[01m[K{[m[Kâ€™ before â€˜[01m[K;[m[Kâ€™ token
[1.159s]   462 |                                     { return a.weight < b.weight; })[01;31m[K;[m[K
[1.159s]       |                                                                     [01;31m[K^[m[K
[1.159s] [01m[K/home/alumno1/Documents/destroyer_ws/src/grid_fastslam/src/grid_fastslam.cpp:[m[K In function â€˜[01m[Kvoid publish_map_and_path()[m[Kâ€™:
[1.159s] [01m[K/home/alumno1/Documents/destroyer_ws/src/grid_fastslam/src/grid_fastslam.cpp:462:69:[m[K [01;31m[Kerror: [m[Kexpected â€˜[01m[K)[m[Kâ€™ before â€˜[01m[K;[m[Kâ€™ token
[1.159s]   462 |                                     { return a.weight < b.weight; })[01;31m[K;[m[K
[1.159s]       |                                                                     [01;31m[K^[m[K
[1.159s]       |                                                                     [32m[K)[m[K
[1.159s] [01m[K/home/alumno1/Documents/destroyer_ws/src/grid_fastslam/src/grid_fastslam.cpp:460:36:[m[K [01;36m[Knote: [m[Kto match this â€˜[01m[K([m[Kâ€™
[1.159s]   460 |     auto best_it = std::max_element[01;36m[K([m[Kparticles_.begin(), particles_.end(),
[1.159s]       |                                    [01;36m[K^[m[K
[1.162s] [01m[K/home/alumno1/Documents/destroyer_ws/src/grid_fastslam/src/grid_fastslam.cpp:467:48:[m[K [01;31m[Kerror: [m[Kâ€˜[01m[Kcurrent_best_index_[m[Kâ€™ was not declared in this scope
[1.162s]   467 |     double current_display_weight = particles_[[01;31m[Kcurrent_best_index_[m[K].weight;
[1.162s]       |                                                [01;31m[K^~~~~~~~~~~~~~~~~~~[m[K
[1.164s] [01m[K/home/alumno1/Documents/destroyer_ws/src/grid_fastslam/src/grid_fastslam.cpp:472:32:[m[K [01;31m[Kerror: [m[Kâ€˜[01m[Knum_particles_[m[Kâ€™ was not declared in this scope
[1.164s]   472 |     if (current_best_index_ >= [01;31m[Knum_particles_[m[K)
[1.164s]       |                                [01;31m[K^~~~~~~~~~~~~~[m[K
[1.164s] [01m[K/home/alumno1/Documents/destroyer_ws/src/grid_fastslam/src/grid_fastslam.cpp:479:28:[m[K [01;31m[Kerror: [m[Kinvalid use of â€˜[01m[Kthis[m[Kâ€™ in non-member function
[1.164s]   479 |     map_msg.header.stamp = [01;31m[Kthis[m[K->now();
[1.164s]       |                            [01;31m[K^~~~[m[K
[1.164s] [01m[K/home/alumno1/Documents/destroyer_ws/src/grid_fastslam/src/grid_fastslam.cpp:481:31:[m[K [01;31m[Kerror: [m[Kâ€˜[01m[KRESOLUTION[m[Kâ€™ was not declared in this scope; did you mean â€˜[01m[Kgrid_fastslam::RESOLUTION[m[Kâ€™?
[1.164s]   481 |     map_msg.info.resolution = [01;31m[KRESOLUTION[m[K;
[1.164s]       |                               [01;31m[K^~~~~~~~~~[m[K
[1.164s]       |                               [32m[Kgrid_fastslam::RESOLUTION[m[K
[1.164s] In file included from [01m[K/home/alumno1/Documents/destroyer_ws/src/grid_fastslam/src/grid_fastslam.cpp:2[m[K:
[1.164s] [01m[K/home/alumno1/Documents/destroyer_ws/src/grid_fastslam/include/grid_fastslam/grid_fastslam.hpp:28:22:[m[K [01;36m[Knote: [m[Kâ€˜[01m[Kgrid_fastslam::RESOLUTION[m[Kâ€™ declared here
[1.164s]    28 |     constexpr double [01;36m[KRESOLUTION[m[K = 0.05;
[1.164s]       |                      [01;36m[K^~~~~~~~~~[m[K
[1.164s] [01m[K/home/alumno1/Documents/destroyer_ws/src/grid_fastslam/src/grid_fastslam.cpp:482:26:[m[K [01;31m[Kerror: [m[Kâ€˜[01m[KMAP_WIDTH[m[Kâ€™ was not declared in this scope; did you mean â€˜[01m[Kgrid_fastslam::MAP_WIDTH[m[Kâ€™?
[1.164s]   482 |     map_msg.info.width = [01;31m[KMAP_WIDTH[m[K;
[1.164s]       |                          [01;31m[K^~~~~~~~~[m[K
[1.164s]       |                          [32m[Kgrid_fastslam::MAP_WIDTH[m[K
[1.164s] In file included from [01m[K/home/alumno1/Documents/destroyer_ws/src/grid_fastslam/src/grid_fastslam.cpp:2[m[K:
[1.164s] [01m[K/home/alumno1/Documents/destroyer_ws/src/grid_fastslam/include/grid_fastslam/grid_fastslam.hpp:27:19:[m[K [01;36m[Knote: [m[Kâ€˜[01m[Kgrid_fastslam::MAP_WIDTH[m[Kâ€™ declared here
[1.164s]    27 |     constexpr int [01;36m[KMAP_WIDTH[m[K = 400;
[1.165s]       |                   [01;36m[K^~~~~~~~~[m[K
[1.165s] [01m[K/home/alumno1/Documents/destroyer_ws/src/grid_fastslam/src/grid_fastslam.cpp:483:27:[m[K [01;31m[Kerror: [m[Kâ€˜[01m[KMAP_HEIGHT[m[Kâ€™ was not declared in this scope; did you mean â€˜[01m[Kgrid_fastslam::MAP_HEIGHT[m[Kâ€™?
[1.165s]   483 |     map_msg.info.height = [01;31m[KMAP_HEIGHT[m[K;
[1.165s]       |                           [01;31m[K^~~~~~~~~~[m[K
[1.165s]       |                           [32m[Kgrid_fastslam::MAP_HEIGHT[m[K
[1.165s] In file included from [01m[K/home/alumno1/Documents/destroyer_ws/src/grid_fastslam/src/grid_fastslam.cpp:2[m[K:
[1.165s] [01m[K/home/alumno1/Documents/destroyer_ws/src/grid_fastslam/include/grid_fastslam/grid_fastslam.hpp:26:19:[m[K [01;36m[Knote: [m[Kâ€˜[01m[Kgrid_fastslam::MAP_HEIGHT[m[Kâ€™ declared here
[1.165s]    26 |     constexpr int [01;36m[KMAP_HEIGHT[m[K = 400;
[1.165s]       |                   [01;36m[K^~~~~~~~~~[m[K
[1.165s] [01m[K/home/alumno1/Documents/destroyer_ws/src/grid_fastslam/src/grid_fastslam.cpp:484:38:[m[K [01;31m[Kerror: [m[Kâ€˜[01m[KOX[m[Kâ€™ was not declared in this scope; did you mean â€˜[01m[Kgrid_fastslam::OX[m[Kâ€™?
[1.165s]   484 |     map_msg.info.origin.position.x = [01;31m[KOX[m[K;
[1.165s]       |                                      [01;31m[K^~[m[K
[1.165s]       |                                      [32m[Kgrid_fastslam::OX[m[K
[1.165s] In file included from [01m[K/home/alumno1/Documents/destroyer_ws/src/grid_fastslam/src/grid_fastslam.cpp:2[m[K:
[1.165s] [01m[K/home/alumno1/Documents/destroyer_ws/src/grid_fastslam/include/grid_fastslam/grid_fastslam.hpp:29:22:[m[K [01;36m[Knote: [m[Kâ€˜[01m[Kgrid_fastslam::OX[m[Kâ€™ declared here
[1.165s]    29 |     constexpr double [01;36m[KOX[m[K = -(MAP_WIDTH * RESOLUTION) / 2.0;
[1.165s]       |                      [01;36m[K^~[m[K
[1.165s] [01m[K/home/alumno1/Documents/destroyer_ws/src/grid_fastslam/src/grid_fastslam.cpp:485:38:[m[K [01;31m[Kerror: [m[Kâ€˜[01m[KOY[m[Kâ€™ was not declared in this scope; did you mean â€˜[01m[Kgrid_fastslam::OY[m[Kâ€™?
[1.165s]   485 |     map_msg.info.origin.position.y = [01;31m[KOY[m[K;
[1.165s]       |                                      [01;31m[K^~[m[K
[1.165s]       |                                      [32m[Kgrid_fastslam::OY[m[K
[1.165s] In file included from [01m[K/home/alumno1/Documents/destroyer_ws/src/grid_fastslam/src/grid_fastslam.cpp:2[m[K:
[1.165s] [01m[K/home/alumno1/Documents/destroyer_ws/src/grid_fastslam/include/grid_fastslam/grid_fastslam.hpp:30:22:[m[K [01;36m[Knote: [m[Kâ€˜[01m[Kgrid_fastslam::OY[m[Kâ€™ declared here
[1.165s]    30 |     constexpr double [01;36m[KOY[m[K = -(MAP_HEIGHT * RESOLUTION) / 2.0;
[1.165s]       |                      [01;36m[K^~[m[K
[1.166s] [01m[K/home/alumno1/Documents/destroyer_ws/src/grid_fastslam/src/grid_fastslam.cpp:499:5:[m[K [01;31m[Kerror: [m[Kâ€˜[01m[Kmap_pub_[m[Kâ€™ was not declared in this scope
[1.166s]   499 |     [01;31m[Kmap_pub_[m[K->publish(map_msg);
[1.166s]       |     [01;31m[K^~~~~~~~[m[K
[1.166s] [01m[K/home/alumno1/Documents/destroyer_ws/src/grid_fastslam/src/grid_fastslam.cpp:503:33:[m[K [01;31m[Kerror: [m[Kinvalid use of â€˜[01m[Kthis[m[Kâ€™ in non-member function
[1.166s]   503 |     best_map_msg.header.stamp = [01;31m[Kthis[m[K->now();
[1.166s]       |                                 [01;31m[K^~~~[m[K
[1.168s] [01m[K/home/alumno1/Documents/destroyer_ws/src/grid_fastslam/src/grid_fastslam.cpp:519:5:[m[K [01;31m[Kerror: [m[Kâ€˜[01m[Kbest_map_pub_[m[Kâ€™ was not declared in this scope; did you mean â€˜[01m[Kbest_map_msg[m[Kâ€™?
[1.168s]   519 |     [01;31m[Kbest_map_pub_[m[K->publish(best_map_msg);
[1.168s]       |     [01;31m[K^~~~~~~~~~~~~[m[K
[1.168s]       |     [32m[Kbest_map_msg[m[K
[1.170s] [01m[K/home/alumno1/Documents/destroyer_ws/src/grid_fastslam/src/grid_fastslam.cpp:531:5:[m[K [01;31m[Kerror: [m[Kâ€˜[01m[Kpath_msg_[m[Kâ€™ was not declared in this scope
[1.170s]   531 |     [01;31m[Kpath_msg_[m[K.header.stamp = this->now();
[1.170s]       |     [01;31m[K^~~~~~~~~[m[K
[1.170s] [01m[K/home/alumno1/Documents/destroyer_ws/src/grid_fastslam/src/grid_fastslam.cpp:531:30:[m[K [01;31m[Kerror: [m[Kinvalid use of â€˜[01m[Kthis[m[Kâ€™ in non-member function
[1.170s]   531 |     path_msg_.header.stamp = [01;31m[Kthis[m[K->now();
[1.170s]       |                              [01;31m[K^~~~[m[K
[1.171s] [01m[K/home/alumno1/Documents/destroyer_ws/src/grid_fastslam/src/grid_fastslam.cpp:534:5:[m[K [01;31m[Kerror: [m[Kâ€˜[01m[Kpose_pub_[m[Kâ€™ was not declared in this scope
[1.171s]   534 |     [01;31m[Kpose_pub_[m[K->publish(pose);
[1.171s]       |     [01;31m[K^~~~~~~~~[m[K
[1.173s] [01m[K/home/alumno1/Documents/destroyer_ws/src/grid_fastslam/src/grid_fastslam.cpp:535:5:[m[K [01;31m[Kerror: [m[Kâ€˜[01m[Kpath_pub_[m[Kâ€™ was not declared in this scope
[1.173s]   535 |     [01;31m[Kpath_pub_[m[K->publish(path_msg_);
[1.173s]       |     [01;31m[K^~~~~~~~~[m[K
[1.173s] [01m[K/home/alumno1/Documents/destroyer_ws/src/grid_fastslam/src/grid_fastslam.cpp:539:30:[m[K [01;31m[Kerror: [m[Kinvalid use of â€˜[01m[Kthis[m[Kâ€™ in non-member function
[1.173s]   539 |     cloud_msg.header.stamp = [01;31m[Kthis[m[K->now();
[1.173s]       |                              [01;31m[K^~~~[m[K
[1.175s] [01m[K/home/alumno1/Documents/destroyer_ws/src/grid_fastslam/src/grid_fastslam.cpp:565:5:[m[K [01;31m[Kerror: [m[Kâ€˜[01m[Kparticles_pub_[m[Kâ€™ was not declared in this scope
[1.175s]   565 |     [01;31m[Kparticles_pub_[m[K->publish(cloud_msg);
[1.175s]       |     [01;31m[K^~~~~~~~~~~~~~[m[K
[1.175s] [01m[K/home/alumno1/Documents/destroyer_ws/src/grid_fastslam/src/grid_fastslam.cpp:[m[K At global scope:
[1.175s] [01m[K/home/alumno1/Documents/destroyer_ws/src/grid_fastslam/src/grid_fastslam.cpp:568:1:[m[K [01;31m[Kerror: [m[Kexpected declaration before â€˜[01m[K}[m[Kâ€™ token
[1.175s]   568 | [01;31m[K}[m[K // namespace grid_fastslam
[1.176s]       | [01;31m[K^[m[K
[2.627s] gmake[2]: *** [CMakeFiles/grid_fastslam_node.dir/build.make:76: CMakeFiles/grid_fastslam_node.dir/src/grid_fastslam.cpp.o] Error 1
[2.627s] gmake[1]: *** [CMakeFiles/Makefile2:137: CMakeFiles/grid_fastslam_node.dir/all] Error 2
[2.627s] gmake: *** [Makefile:146: all] Error 2
[2.629s] Invoked command in '/home/alumno1/Documents/destroyer_ws/build/grid_fastslam' returned '2': CMAKE_PREFIX_PATH=/home/alumno1/Documents/destroyer_ws/install/custom_msgs:/home/alumno1/Documents/destroyer_ws/install/turtlebot3_custom_simulation:/home/alumno1/Documents/destroyer_ws/install/grid_fastslam:/home/alumno1/turtlebot3_ws/install/turtlebot3:/home/alumno1/turtlebot3_ws/install/turtlebot3_simulations:/home/alumno1/turtlebot3_ws/install/turtlebot3_bringup:/home/alumno1/turtlebot3_ws/install/turtlebot3_node:/home/alumno1/turtlebot3_ws/install/turtlebot3_navigation2:/home/alumno1/turtlebot3_ws/install/turtlebot3_fake_node:/home/alumno1/turtlebot3_ws/install/turtlebot3_custom_simulation:/home/alumno1/turtlebot3_ws/install/turtlebot3_msgs:/home/alumno1/turtlebot3_ws/install/turtlebot3_gazebo:/home/alumno1/turtlebot3_ws/install/turtlebot3_description:/home/alumno1/turtlebot3_ws/install/turtlebot3_cartographer:/home/alumno1/turtlebot3_ws/install/dynamixel_sdk_examples:/home/alumno1/turtlebot3_ws/install/dynamixel_sdk_custom_interfaces:/home/alumno1/turtlebot3_ws/install/dynamixel_sdk:/home/alumno1/Documents/destroyer_ws/install/tools:/home/alumno1/Documents/destroyer_ws/install/state_machine:/home/alumno1/Documents/destroyer_ws/install/mappeate_y_ubicate:/home/alumno1/turtlebot3_ws/install/turtlebot3_teleop:/home/alumno1/turtlebot3_ws/install/turtlebot3_example:/opt/ros/humble LD_LIBRARY_PATH=/home/alumno1/Documents/destroyer_ws/install/custom_msgs/lib:/home/alumno1/turtlebot3_ws/install/turtlebot3_msgs/lib:/home/alumno1/turtlebot3_ws/install/dynamixel_sdk_custom_interfaces/lib:/home/alumno1/turtlebot3_ws/install/dynamixel_sdk/lib:/usr/lib/x86_64-linux-gnu/gazebo-11/plugins:/opt/ros/humble/opt/rviz_ogre_vendor/lib:/opt/ros/humble/lib/x86_64-linux-gnu:/opt/ros/humble/lib:/usr/lib/x86_64-linux-gnu/gazebo-11/plugins /usr/bin/cmake --build /home/alumno1/Documents/destroyer_ws/build/grid_fastslam -- -j28 -l28
