[0.011s] Invoking command in '/home/alumno1/Documents/destroyer_ws/build/grid_fastslam': CMAKE_PREFIX_PATH=/home/alumno1/Documents/destroyer_ws/install/custom_msgs:/home/alumno1/Documents/destroyer_ws/install/turtlebot3_custom_simulation:/home/alumno1/Documents/destroyer_ws/install/grid_fastslam:/home/alumno1/turtlebot3_ws/install/turtlebot3:/home/alumno1/turtlebot3_ws/install/turtlebot3_simulations:/home/alumno1/turtlebot3_ws/install/turtlebot3_bringup:/home/alumno1/turtlebot3_ws/install/turtlebot3_node:/home/alumno1/turtlebot3_ws/install/turtlebot3_navigation2:/home/alumno1/turtlebot3_ws/install/turtlebot3_fake_node:/home/alumno1/turtlebot3_ws/install/turtlebot3_custom_simulation:/home/alumno1/turtlebot3_ws/install/turtlebot3_msgs:/home/alumno1/turtlebot3_ws/install/turtlebot3_gazebo:/home/alumno1/turtlebot3_ws/install/turtlebot3_description:/home/alumno1/turtlebot3_ws/install/turtlebot3_cartographer:/home/alumno1/turtlebot3_ws/install/dynamixel_sdk_examples:/home/alumno1/turtlebot3_ws/install/dynamixel_sdk_custom_interfaces:/home/alumno1/turtlebot3_ws/install/dynamixel_sdk:/home/alumno1/Documents/destroyer_ws/install/tools:/home/alumno1/Documents/destroyer_ws/install/state_machine:/home/alumno1/Documents/destroyer_ws/install/mappeate_y_ubicate:/home/alumno1/turtlebot3_ws/install/turtlebot3_teleop:/home/alumno1/turtlebot3_ws/install/turtlebot3_example:/opt/ros/humble LD_LIBRARY_PATH=/home/alumno1/Documents/destroyer_ws/install/custom_msgs/lib:/home/alumno1/turtlebot3_ws/install/turtlebot3_msgs/lib:/home/alumno1/turtlebot3_ws/install/dynamixel_sdk_custom_interfaces/lib:/home/alumno1/turtlebot3_ws/install/dynamixel_sdk/lib:/usr/lib/x86_64-linux-gnu/gazebo-11/plugins:/opt/ros/humble/opt/rviz_ogre_vendor/lib:/opt/ros/humble/lib/x86_64-linux-gnu:/opt/ros/humble/lib:/usr/lib/x86_64-linux-gnu/gazebo-11/plugins /usr/bin/cmake --build /home/alumno1/Documents/destroyer_ws/build/grid_fastslam -- -j28 -l28
[0.129s] [35m[1mConsolidate compiler generated dependencies of target grid_fastslam_node[0m
[0.129s] [ 33%] [32mBuilding CXX object CMakeFiles/grid_fastslam_node.dir/src/grid_fastslam.cpp.o[0m
[1.110s] [01m[K/home/alumno1/Documents/destroyer_ws/src/grid_fastslam/src/grid_fastslam.cpp:372:1:[m[K [01;31m[Kerror: [m[Kexpected unqualified-id before â€˜[01m[Kif[m[Kâ€™
[1.110s]   372 | [01;31m[Kif[m[K (!any_valid_weight)
[1.110s]       | [01;31m[K^~[m[K
[1.110s] [01m[K/home/alumno1/Documents/destroyer_ws/src/grid_fastslam/src/grid_fastslam.cpp:377:1:[m[K [01;31m[Kerror: [m[Kexpected unqualified-id before â€˜[01m[Kelse[m[Kâ€™
[1.110s]   377 | [01;31m[Kelse[m[K
[1.110s]       | [01;31m[K^~~~[m[K
[1.110s] [01m[K/home/alumno1/Documents/destroyer_ws/src/grid_fastslam/src/grid_fastslam.cpp:385:1:[m[K [01;31m[Kerror: [m[Kexpected declaration before â€˜[01m[K}[m[Kâ€™ token
[1.110s]   385 | [01;31m[K}[m[K
[1.110s]       | [01;31m[K^[m[K
[1.110s] [01m[K/home/alumno1/Documents/destroyer_ws/src/grid_fastslam/src/grid_fastslam.cpp:387:6:[m[K [01;31m[Kerror: [m[Kâ€˜[01m[KGridFastSlam[m[Kâ€™ has not been declared
[1.110s]   387 | void [01;31m[KGridFastSlam[m[K::resample()
[1.110s]       |      [01;31m[K^~~~~~~~~~~~[m[K
[1.112s] [01m[K/home/alumno1/Documents/destroyer_ws/src/grid_fastslam/src/grid_fastslam.cpp:[m[K In function â€˜[01m[Kvoid resample()[m[Kâ€™:
[1.112s] [01m[K/home/alumno1/Documents/destroyer_ws/src/grid_fastslam/src/grid_fastslam.cpp:391:26:[m[K [01;31m[Kerror: [m[Kâ€˜[01m[Kparticles_[m[Kâ€™ was not declared in this scope
[1.112s]   391 |     for (const auto &p : [01;31m[Kparticles_[m[K)
[1.112s]       |                          [01;31m[K^~~~~~~~~~[m[K
[1.115s] [01m[K/home/alumno1/Documents/destroyer_ws/src/grid_fastslam/src/grid_fastslam.cpp:398:18:[m[K [01;31m[Kerror: [m[Kâ€˜[01m[Knum_particles_[m[Kâ€™ was not declared in this scope
[1.115s]   398 |     if (n_eff <= [01;31m[Knum_particles_[m[K * 0.9)
[1.115s]       |                  [01;31m[K^~~~~~~~~~~~~~[m[K
[1.115s] [01m[K/home/alumno1/Documents/destroyer_ws/src/grid_fastslam/src/grid_fastslam.cpp:401:21:[m[K [01;31m[Kerror: [m[Kâ€˜[01m[KParticle[m[Kâ€™ was not declared in this scope; did you mean â€˜[01m[Kgrid_fastslam::Particle[m[Kâ€™?
[1.115s]   401 |         std::vector<[01;31m[KParticle[m[K> new_particles;
[1.115s]       |                     [01;31m[K^~~~~~~~[m[K
[1.115s]       |                     [32m[Kgrid_fastslam::Particle[m[K
[1.115s] In file included from [01m[K/home/alumno1/Documents/destroyer_ws/src/grid_fastslam/src/grid_fastslam.cpp:2[m[K:
[1.115s] [01m[K/home/alumno1/Documents/destroyer_ws/src/grid_fastslam/include/grid_fastslam/grid_fastslam.hpp:45:12:[m[K [01;36m[Knote: [m[Kâ€˜[01m[Kgrid_fastslam::Particle[m[Kâ€™ declared here
[1.115s]    45 |     struct [01;36m[KParticle[m[K
[1.115s]       |            [01;36m[K^~~~~~~~[m[K
[1.115s] [01m[K/home/alumno1/Documents/destroyer_ws/src/grid_fastslam/src/grid_fastslam.cpp:401:29:[m[K [01;31m[Kerror: [m[Ktemplate argument 1 is invalid
[1.115s]   401 |         std::vector<Particle[01;31m[K>[m[K new_particles;
[1.115s]       |                             [01;31m[K^[m[K
[1.115s] [01m[K/home/alumno1/Documents/destroyer_ws/src/grid_fastslam/src/grid_fastslam.cpp:401:29:[m[K [01;31m[Kerror: [m[Ktemplate argument 2 is invalid
[1.115s] [01m[K/home/alumno1/Documents/destroyer_ws/src/grid_fastslam/src/grid_fastslam.cpp:402:23:[m[K [01;31m[Kerror: [m[Krequest for member â€˜[01m[Kreserve[m[Kâ€™ in â€˜[01m[Knew_particles[m[Kâ€™, which is of non-class type â€˜[01m[Kint[m[Kâ€™
[1.115s]   402 |         new_particles.[01;31m[Kreserve[m[K(num_particles_);
[1.115s]       |                       [01;31m[K^~~~~~~[m[K
[1.116s] [01m[K/home/alumno1/Documents/destroyer_ws/src/grid_fastslam/src/grid_fastslam.cpp:405:25:[m[K [01;31m[Kerror: [m[Kâ€˜[01m[Krng_[m[Kâ€™ was not declared in this scope
[1.116s]   405 |         double r = dist([01;31m[Krng_[m[K);           // Random start point
[1.116s]       |                         [01;31m[K^~~~[m[K
[1.118s] [01m[K/home/alumno1/Documents/destroyer_ws/src/grid_fastslam/src/grid_fastslam.cpp:406:20:[m[K [01;31m[Kerror: [m[Kâ€˜[01m[Kparticles_[m[Kâ€™ was not declared in this scope; did you mean â€˜[01m[Knew_particles[m[Kâ€™?
[1.118s]   406 |         double c = [01;31m[Kparticles_[m[K[0].weight; // Cumulative weight
[1.118s]       |                    [01;31m[K^~~~~~~~~~[m[K
[1.118s]       |                    [32m[Knew_particles[m[K
[1.118s] [01m[K/home/alumno1/Documents/destroyer_ws/src/grid_fastslam/src/grid_fastslam.cpp:421:21:[m[K [01;31m[Kerror: [m[Kexpected â€˜[01m[K;[m[Kâ€™ before â€˜[01m[Kp_copy[m[Kâ€™
[1.118s]   421 |             Particle[01;31m[K [m[K[32m[Kp_copy[m[K = particles_[i];
[1.118s]       |                     [01;31m[K^[m[K[32m[K~~~~~~[m[K
[1.118s]       |                     [32m[K;[m[K
[1.119s] [01m[K/home/alumno1/Documents/destroyer_ws/src/grid_fastslam/src/grid_fastslam.cpp:422:13:[m[K [01;31m[Kerror: [m[Kâ€˜[01m[Kp_copy[m[Kâ€™ was not declared in this scope; did you mean â€˜[01m[Kbcopy[m[Kâ€™?
[1.119s]   422 |             [01;31m[Kp_copy[m[K.weight = 1.0 / num_particles_; // Reset weight after resampling
[1.119s]       |             [01;31m[K^~~~~~[m[K
[1.119s]       |             [32m[Kbcopy[m[K
[1.119s] [01m[K/home/alumno1/Documents/destroyer_ws/src/grid_fastslam/src/grid_fastslam.cpp:423:27:[m[K [01;31m[Kerror: [m[Krequest for member â€˜[01m[Kpush_back[m[Kâ€™ in â€˜[01m[Knew_particles[m[Kâ€™, which is of non-class type â€˜[01m[Kint[m[Kâ€™
[1.119s]   423 |             new_particles.[01;31m[Kpush_back[m[K(p_copy);
[1.119s]       |                           [01;31m[K^~~~~~~~~[m[K
[1.122s] [01m[K/home/alumno1/Documents/destroyer_ws/src/grid_fastslam/src/grid_fastslam.cpp:428:9:[m[K [01;31m[Kerror: [m[Kâ€˜[01m[Kcurrent_best_index_[m[Kâ€™ was not declared in this scope
[1.122s]   428 |         [01;31m[Kcurrent_best_index_[m[K = 0;
[1.122s]       |         [01;31m[K^~~~~~~~~~~~~~~~~~~[m[K
[1.122s] [01m[K/home/alumno1/Documents/destroyer_ws/src/grid_fastslam/src/grid_fastslam.cpp:[m[K At global scope:
[1.122s] [01m[K/home/alumno1/Documents/destroyer_ws/src/grid_fastslam/src/grid_fastslam.cpp:432:6:[m[K [01;31m[Kerror: [m[Kâ€˜[01m[KGridFastSlam[m[Kâ€™ has not been declared
[1.122s]   432 | void [01;31m[KGridFastSlam[m[K::scan_callback(const sensor_msgs::msg::LaserScan::SharedPtr msg)
[1.122s]       |      [01;31m[K^~~~~~~~~~~~[m[K
[1.124s] [01m[K/home/alumno1/Documents/destroyer_ws/src/grid_fastslam/src/grid_fastslam.cpp:[m[K In function â€˜[01m[Kvoid scan_callback(sensor_msgs::msg::LaserScan_<std::allocator<void> >::SharedPtr)[m[Kâ€™:
[1.124s] [01m[K/home/alumno1/Documents/destroyer_ws/src/grid_fastslam/src/grid_fastslam.cpp:435:5:[m[K [01;31m[Kerror: [m[Kâ€˜[01m[Kinit_lut[m[Kâ€™ was not declared in this scope
[1.124s]   435 |     [01;31m[Kinit_lut[m[K(msg);
[1.124s]       |     [01;31m[K^~~~~~~~[m[K
[1.126s] [01m[K/home/alumno1/Documents/destroyer_ws/src/grid_fastslam/src/grid_fastslam.cpp:437:5:[m[K [01;31m[Kerror: [m[Kâ€˜[01m[Kupdate_particles[m[Kâ€™ was not declared in this scope
[1.126s]   437 |     [01;31m[Kupdate_particles[m[K(msg);
[1.126s]       |     [01;31m[K^~~~~~~~~~~~~~~~[m[K
[1.129s] [01m[K/home/alumno1/Documents/destroyer_ws/src/grid_fastslam/src/grid_fastslam.cpp:440:5:[m[K [01;31m[Kerror: [m[Kâ€˜[01m[Kmap_update_counter[m[Kâ€™ was not declared in this scope
[1.129s]   440 |     [01;31m[Kmap_update_counter[m[K++;
[1.129s]       |     [01;31m[K^~~~~~~~~~~~~~~~~~[m[K
[1.132s] [01m[K/home/alumno1/Documents/destroyer_ws/src/grid_fastslam/src/grid_fastslam.cpp:441:31:[m[K [01;31m[Kerror: [m[Kâ€˜[01m[Kmap_update_interval[m[Kâ€™ was not declared in this scope
[1.132s]   441 |     if (map_update_counter >= [01;31m[Kmap_update_interval[m[K)
[1.132s]       |                               [01;31m[K^~~~~~~~~~~~~~~~~~~[m[K
[1.133s] [01m[K/home/alumno1/Documents/destroyer_ws/src/grid_fastslam/src/grid_fastslam.cpp:444:24:[m[K [01;31m[Kerror: [m[Kâ€˜[01m[Kparticles_[m[Kâ€™ was not declared in this scope
[1.133s]   444 |         for (auto &p : [01;31m[Kparticles_[m[K)
[1.133s]       |                        [01;31m[K^~~~~~~~~~[m[K
[1.135s] [01m[K/home/alumno1/Documents/destroyer_ws/src/grid_fastslam/src/grid_fastslam.cpp:446:13:[m[K [01;31m[Kerror: [m[Kâ€˜[01m[Kupdate_grid[m[Kâ€™ was not declared in this scope
[1.135s]   446 |             [01;31m[Kupdate_grid[m[K(p, msg);
[1.135s]       |             [01;31m[K^~~~~~~~~~~[m[K
[1.135s] [01m[K/home/alumno1/Documents/destroyer_ws/src/grid_fastslam/src/grid_fastslam.cpp:444:9:[m[K [01;31m[Kerror: [m[Kinvalid type for iteration variable â€˜[01m[K<anonymous>[m[Kâ€™
[1.135s]   444 |         [01;31m[Kfor[m[K (auto &p : particles_)
[1.135s]       |         [01;31m[K^~~[m[K
[1.138s] [01m[K/home/alumno1/Documents/destroyer_ws/src/grid_fastslam/src/grid_fastslam.cpp:451:5:[m[K [01;31m[Kerror: [m[Kâ€˜[01m[Kpublish_map_and_path[m[Kâ€™ was not declared in this scope
[1.138s]   451 |     [01;31m[Kpublish_map_and_path[m[K();
[1.138s]       |     [01;31m[K^~~~~~~~~~~~~~~~~~~~[m[K
[1.139s] In file included from [01m[K/opt/ros/humble/include/rclcpp/rclcpp/client.hpp:40[m[K,
[1.139s]                  from [01m[K/opt/ros/humble/include/rclcpp/rclcpp/callback_group.hpp:24[m[K,
[1.139s]                  from [01m[K/opt/ros/humble/include/rclcpp/rclcpp/any_executable.hpp:20[m[K,
[1.139s]                  from [01m[K/opt/ros/humble/include/rclcpp/rclcpp/memory_strategy.hpp:25[m[K,
[1.139s]                  from [01m[K/opt/ros/humble/include/rclcpp/rclcpp/memory_strategies.hpp:18[m[K,
[1.139s]                  from [01m[K/opt/ros/humble/include/rclcpp/rclcpp/executor_options.hpp:20[m[K,
[1.139s]                  from [01m[K/opt/ros/humble/include/rclcpp/rclcpp/executor.hpp:37[m[K,
[1.139s]                  from [01m[K/opt/ros/humble/include/rclcpp/rclcpp/executors/multi_threaded_executor.hpp:25[m[K,
[1.139s]                  from [01m[K/opt/ros/humble/include/rclcpp/rclcpp/executors.hpp:21[m[K,
[1.139s]                  from [01m[K/opt/ros/humble/include/rclcpp/rclcpp/rclcpp.hpp:155[m[K,
[1.139s]                  from [01m[K/home/alumno1/Documents/destroyer_ws/src/grid_fastslam/include/grid_fastslam/grid_fastslam.hpp:11[m[K,
[1.139s]                  from [01m[K/home/alumno1/Documents/destroyer_ws/src/grid_fastslam/src/grid_fastslam.cpp:2[m[K:
[1.139s] [01m[K/home/alumno1/Documents/destroyer_ws/src/grid_fastslam/src/grid_fastslam.cpp:455:17:[m[K [01;31m[Kerror: [m[Kinvalid use of â€˜[01m[Kthis[m[Kâ€™ in non-member function
[1.139s]   455 |     RCLCPP_INFO([01;31m[Kthis[m[K->get_logger(), "Scan Callback tardÃ³: %ld ms", duration);
[1.139s]       |                 [01;31m[K^~~~[m[K
[1.139s] [01m[K/home/alumno1/Documents/destroyer_ws/src/grid_fastslam/src/grid_fastslam.cpp:455:17:[m[K [01;31m[Kerror: [m[Kinvalid use of â€˜[01m[Kthis[m[Kâ€™ in non-member function
[1.139s] [01m[K/home/alumno1/Documents/destroyer_ws/src/grid_fastslam/src/grid_fastslam.cpp:455:5:[m[K [01;31m[Kerror: [m[Ktemplate argument 1 is invalid
[1.139s]   455 |     [01;31m[KRCLCPP_INFO[m[K(this->get_logger(), "Scan Callback tardÃ³: %ld ms", duration);
[1.139s]       |     [01;31m[K^~~~~~~~~~~[m[K
[1.139s] [01m[K/home/alumno1/Documents/destroyer_ws/src/grid_fastslam/src/grid_fastslam.cpp:455:5:[m[K [01;31m[Kerror: [m[Ktemplate argument 1 is invalid
[1.139s]   455 |     [01;31m[KRCLCPP_INFO[m[K(this->get_logger(), "Scan Callback tardÃ³: %ld ms", duration);
[1.139s]       |     [01;31m[K^~~~~~~~~~~[m[K
[1.139s] [01m[K/home/alumno1/Documents/destroyer_ws/src/grid_fastslam/src/grid_fastslam.cpp:455:5:[m[K [01;31m[Kerror: [m[Ktemplate argument 1 is invalid
[1.139s]   455 |     [01;31m[KRCLCPP_INFO[m[K(this->get_logger(), "Scan Callback tardÃ³: %ld ms", duration);
[1.139s]       |     [01;31m[K^~~~~~~~~~~[m[K
[1.139s] In file included from [01m[K/opt/ros/humble/include/rclcpp/rclcpp/logging.hpp:24[m[K,
[1.139s]                  from [01m[K/opt/ros/humble/include/rclcpp/rclcpp/client.hpp:40[m[K,
[1.139s]                  from [01m[K/opt/ros/humble/include/rclcpp/rclcpp/callback_group.hpp:24[m[K,
[1.139s]                  from [01m[K/opt/ros/humble/include/rclcpp/rclcpp/any_executable.hpp:20[m[K,
[1.139s]                  from [01m[K/opt/ros/humble/include/rclcpp/rclcpp/memory_strategy.hpp:25[m[K,
[1.139s]                  from [01m[K/opt/ros/humble/include/rclcpp/rclcpp/memory_strategies.hpp:18[m[K,
[1.139s]                  from [01m[K/opt/ros/humble/include/rclcpp/rclcpp/executor_options.hpp:20[m[K,
[1.139s]                  from [01m[K/opt/ros/humble/include/rclcpp/rclcpp/executor.hpp:37[m[K,
[1.139s]                  from [01m[K/opt/ros/humble/include/rclcpp/rclcpp/executors/multi_threaded_executor.hpp:25[m[K,
[1.139s]                  from [01m[K/opt/ros/humble/include/rclcpp/rclcpp/executors.hpp:21[m[K,
[1.139s]                  from [01m[K/opt/ros/humble/include/rclcpp/rclcpp/rclcpp.hpp:155[m[K,
[1.139s]                  from [01m[K/home/alumno1/Documents/destroyer_ws/src/grid_fastslam/include/grid_fastslam/grid_fastslam.hpp:11[m[K,
[1.139s]                  from [01m[K/home/alumno1/Documents/destroyer_ws/src/grid_fastslam/src/grid_fastslam.cpp:2[m[K:
[1.140s] [01m[K/home/alumno1/Documents/destroyer_ws/src/grid_fastslam/src/grid_fastslam.cpp:455:17:[m[K [01;31m[Kerror: [m[Kinvalid use of â€˜[01m[Kthis[m[Kâ€™ in non-member function
[1.140s]   455 |     RCLCPP_INFO([01;31m[Kthis[m[K->get_logger(), "Scan Callback tardÃ³: %ld ms", duration);
[1.140s]       |                 [01;31m[K^~~~[m[K
[1.140s] [01m[K/home/alumno1/Documents/destroyer_ws/src/grid_fastslam/src/grid_fastslam.cpp:455:17:[m[K [01;31m[Kerror: [m[Kinvalid use of â€˜[01m[Kthis[m[Kâ€™ in non-member function
[1.140s]   455 |     RCLCPP_INFO([01;31m[Kthis[m[K->get_logger(), "Scan Callback tardÃ³: %ld ms", duration);
[1.140s]       |                 [01;31m[K^~~~[m[K
[1.140s] [01m[K/home/alumno1/Documents/destroyer_ws/src/grid_fastslam/src/grid_fastslam.cpp:[m[K At global scope:
[1.140s] [01m[K/home/alumno1/Documents/destroyer_ws/src/grid_fastslam/src/grid_fastslam.cpp:458:6:[m[K [01;31m[Kerror: [m[Kâ€˜[01m[KGridFastSlam[m[Kâ€™ has not been declared
[1.140s]   458 | void [01;31m[KGridFastSlam[m[K::publish_map_and_path()
[1.140s]       |      [01;31m[K^~~~~~~~~~~~[m[K
[1.141s] [01m[K/home/alumno1/Documents/destroyer_ws/src/grid_fastslam/src/grid_fastslam.cpp:[m[K In function â€˜[01m[Kvoid publish_map_and_path()[m[Kâ€™:
[1.141s] [01m[K/home/alumno1/Documents/destroyer_ws/src/grid_fastslam/src/grid_fastslam.cpp:461:37:[m[K [01;31m[Kerror: [m[Kâ€˜[01m[Kparticles_[m[Kâ€™ was not declared in this scope
[1.141s]   461 |     auto best_it = std::max_element([01;31m[Kparticles_[m[K.begin(), particles_.end(),
[1.141s]       |                                     [01;31m[K^~~~~~~~~~[m[K
[1.141s] [01m[K/home/alumno1/Documents/destroyer_ws/src/grid_fastslam/src/grid_fastslam.cpp:462:46:[m[K [01;31m[Kerror: [m[Kâ€˜[01m[KParticle[m[Kâ€™ does not name a type
[1.142s]   462 |                                     [](const [01;31m[KParticle[m[K &a, const Particle &b)
[1.142s]       |                                              [01;31m[K^~~~~~~~[m[K
[1.142s] [01m[K/home/alumno1/Documents/destroyer_ws/src/grid_fastslam/src/grid_fastslam.cpp:[m[K In lambda function:
[1.142s] [01m[K/home/alumno1/Documents/destroyer_ws/src/grid_fastslam/src/grid_fastslam.cpp:463:69:[m[K [01;31m[Kerror: [m[Kexpected â€˜[01m[K{[m[Kâ€™ before â€˜[01m[K;[m[Kâ€™ token
[1.142s]   463 |                                     { return a.weight < b.weight; })[01;31m[K;[m[K
[1.142s]       |                                                                     [01;31m[K^[m[K
[1.142s] [01m[K/home/alumno1/Documents/destroyer_ws/src/grid_fastslam/src/grid_fastslam.cpp:[m[K In function â€˜[01m[Kvoid publish_map_and_path()[m[Kâ€™:
[1.142s] [01m[K/home/alumno1/Documents/destroyer_ws/src/grid_fastslam/src/grid_fastslam.cpp:463:69:[m[K [01;31m[Kerror: [m[Kexpected â€˜[01m[K)[m[Kâ€™ before â€˜[01m[K;[m[Kâ€™ token
[1.142s]   463 |                                     { return a.weight < b.weight; })[01;31m[K;[m[K
[1.142s]       |                                                                     [01;31m[K^[m[K
[1.142s]       |                                                                     [32m[K)[m[K
[1.142s] [01m[K/home/alumno1/Documents/destroyer_ws/src/grid_fastslam/src/grid_fastslam.cpp:461:36:[m[K [01;36m[Knote: [m[Kto match this â€˜[01m[K([m[Kâ€™
[1.142s]   461 |     auto best_it = std::max_element[01;36m[K([m[Kparticles_.begin(), particles_.end(),
[1.142s]       |                                    [01;36m[K^[m[K
[1.144s] [01m[K/home/alumno1/Documents/destroyer_ws/src/grid_fastslam/src/grid_fastslam.cpp:468:48:[m[K [01;31m[Kerror: [m[Kâ€˜[01m[Kcurrent_best_index_[m[Kâ€™ was not declared in this scope
[1.144s]   468 |     double current_display_weight = particles_[[01;31m[Kcurrent_best_index_[m[K].weight;
[1.144s]       |                                                [01;31m[K^~~~~~~~~~~~~~~~~~~[m[K
[1.146s] [01m[K/home/alumno1/Documents/destroyer_ws/src/grid_fastslam/src/grid_fastslam.cpp:473:32:[m[K [01;31m[Kerror: [m[Kâ€˜[01m[Knum_particles_[m[Kâ€™ was not declared in this scope
[1.146s]   473 |     if (current_best_index_ >= [01;31m[Knum_particles_[m[K)
[1.147s]       |                                [01;31m[K^~~~~~~~~~~~~~[m[K
[1.147s] [01m[K/home/alumno1/Documents/destroyer_ws/src/grid_fastslam/src/grid_fastslam.cpp:480:28:[m[K [01;31m[Kerror: [m[Kinvalid use of â€˜[01m[Kthis[m[Kâ€™ in non-member function
[1.147s]   480 |     map_msg.header.stamp = [01;31m[Kthis[m[K->now();
[1.147s]       |                            [01;31m[K^~~~[m[K
[1.147s] [01m[K/home/alumno1/Documents/destroyer_ws/src/grid_fastslam/src/grid_fastslam.cpp:482:31:[m[K [01;31m[Kerror: [m[Kâ€˜[01m[KRESOLUTION[m[Kâ€™ was not declared in this scope; did you mean â€˜[01m[Kgrid_fastslam::RESOLUTION[m[Kâ€™?
[1.147s]   482 |     map_msg.info.resolution = [01;31m[KRESOLUTION[m[K;
[1.147s]       |                               [01;31m[K^~~~~~~~~~[m[K
[1.147s]       |                               [32m[Kgrid_fastslam::RESOLUTION[m[K
[1.147s] In file included from [01m[K/home/alumno1/Documents/destroyer_ws/src/grid_fastslam/src/grid_fastslam.cpp:2[m[K:
[1.147s] [01m[K/home/alumno1/Documents/destroyer_ws/src/grid_fastslam/include/grid_fastslam/grid_fastslam.hpp:28:22:[m[K [01;36m[Knote: [m[Kâ€˜[01m[Kgrid_fastslam::RESOLUTION[m[Kâ€™ declared here
[1.147s]    28 |     constexpr double [01;36m[KRESOLUTION[m[K = 0.05;
[1.147s]       |                      [01;36m[K^~~~~~~~~~[m[K
[1.147s] [01m[K/home/alumno1/Documents/destroyer_ws/src/grid_fastslam/src/grid_fastslam.cpp:483:26:[m[K [01;31m[Kerror: [m[Kâ€˜[01m[KMAP_WIDTH[m[Kâ€™ was not declared in this scope; did you mean â€˜[01m[Kgrid_fastslam::MAP_WIDTH[m[Kâ€™?
[1.147s]   483 |     map_msg.info.width = [01;31m[KMAP_WIDTH[m[K;
[1.147s]       |                          [01;31m[K^~~~~~~~~[m[K
[1.147s]       |                          [32m[Kgrid_fastslam::MAP_WIDTH[m[K
[1.147s] In file included from [01m[K/home/alumno1/Documents/destroyer_ws/src/grid_fastslam/src/grid_fastslam.cpp:2[m[K:
[1.147s] [01m[K/home/alumno1/Documents/destroyer_ws/src/grid_fastslam/include/grid_fastslam/grid_fastslam.hpp:27:19:[m[K [01;36m[Knote: [m[Kâ€˜[01m[Kgrid_fastslam::MAP_WIDTH[m[Kâ€™ declared here
[1.147s]    27 |     constexpr int [01;36m[KMAP_WIDTH[m[K = 400;
[1.147s]       |                   [01;36m[K^~~~~~~~~[m[K
[1.147s] [01m[K/home/alumno1/Documents/destroyer_ws/src/grid_fastslam/src/grid_fastslam.cpp:484:27:[m[K [01;31m[Kerror: [m[Kâ€˜[01m[KMAP_HEIGHT[m[Kâ€™ was not declared in this scope; did you mean â€˜[01m[Kgrid_fastslam::MAP_HEIGHT[m[Kâ€™?
[1.147s]   484 |     map_msg.info.height = [01;31m[KMAP_HEIGHT[m[K;
[1.147s]       |                           [01;31m[K^~~~~~~~~~[m[K
[1.148s]       |                           [32m[Kgrid_fastslam::MAP_HEIGHT[m[K
[1.148s] In file included from [01m[K/home/alumno1/Documents/destroyer_ws/src/grid_fastslam/src/grid_fastslam.cpp:2[m[K:
[1.148s] [01m[K/home/alumno1/Documents/destroyer_ws/src/grid_fastslam/include/grid_fastslam/grid_fastslam.hpp:26:19:[m[K [01;36m[Knote: [m[Kâ€˜[01m[Kgrid_fastslam::MAP_HEIGHT[m[Kâ€™ declared here
[1.148s]    26 |     constexpr int [01;36m[KMAP_HEIGHT[m[K = 400;
[1.148s]       |                   [01;36m[K^~~~~~~~~~[m[K
[1.148s] [01m[K/home/alumno1/Documents/destroyer_ws/src/grid_fastslam/src/grid_fastslam.cpp:485:38:[m[K [01;31m[Kerror: [m[Kâ€˜[01m[KOX[m[Kâ€™ was not declared in this scope; did you mean â€˜[01m[Kgrid_fastslam::OX[m[Kâ€™?
[1.148s]   485 |     map_msg.info.origin.position.x = [01;31m[KOX[m[K;
[1.148s]       |                                      [01;31m[K^~[m[K
[1.148s]       |                                      [32m[Kgrid_fastslam::OX[m[K
[1.148s] In file included from [01m[K/home/alumno1/Documents/destroyer_ws/src/grid_fastslam/src/grid_fastslam.cpp:2[m[K:
[1.148s] [01m[K/home/alumno1/Documents/destroyer_ws/src/grid_fastslam/include/grid_fastslam/grid_fastslam.hpp:29:22:[m[K [01;36m[Knote: [m[Kâ€˜[01m[Kgrid_fastslam::OX[m[Kâ€™ declared here
[1.148s]    29 |     constexpr double [01;36m[KOX[m[K = -(MAP_WIDTH * RESOLUTION) / 2.0;
[1.148s]       |                      [01;36m[K^~[m[K
[1.148s] [01m[K/home/alumno1/Documents/destroyer_ws/src/grid_fastslam/src/grid_fastslam.cpp:486:38:[m[K [01;31m[Kerror: [m[Kâ€˜[01m[KOY[m[Kâ€™ was not declared in this scope; did you mean â€˜[01m[Kgrid_fastslam::OY[m[Kâ€™?
[1.148s]   486 |     map_msg.info.origin.position.y = [01;31m[KOY[m[K;
[1.148s]       |                                      [01;31m[K^~[m[K
[1.148s]       |                                      [32m[Kgrid_fastslam::OY[m[K
[1.149s] In file included from [01m[K/home/alumno1/Documents/destroyer_ws/src/grid_fastslam/src/grid_fastslam.cpp:2[m[K:
[1.149s] [01m[K/home/alumno1/Documents/destroyer_ws/src/grid_fastslam/include/grid_fastslam/grid_fastslam.hpp:30:22:[m[K [01;36m[Knote: [m[Kâ€˜[01m[Kgrid_fastslam::OY[m[Kâ€™ declared here
[1.149s]    30 |     constexpr double [01;36m[KOY[m[K = -(MAP_HEIGHT * RESOLUTION) / 2.0;
[1.149s]       |                      [01;36m[K^~[m[K
[1.149s] [01m[K/home/alumno1/Documents/destroyer_ws/src/grid_fastslam/src/grid_fastslam.cpp:500:5:[m[K [01;31m[Kerror: [m[Kâ€˜[01m[Kmap_pub_[m[Kâ€™ was not declared in this scope
[1.149s]   500 |     [01;31m[Kmap_pub_[m[K->publish(map_msg);
[1.149s]       |     [01;31m[K^~~~~~~~[m[K
[1.149s] [01m[K/home/alumno1/Documents/destroyer_ws/src/grid_fastslam/src/grid_fastslam.cpp:504:33:[m[K [01;31m[Kerror: [m[Kinvalid use of â€˜[01m[Kthis[m[Kâ€™ in non-member function
[1.149s]   504 |     best_map_msg.header.stamp = [01;31m[Kthis[m[K->now();
[1.149s]       |                                 [01;31m[K^~~~[m[K
[1.151s] [01m[K/home/alumno1/Documents/destroyer_ws/src/grid_fastslam/src/grid_fastslam.cpp:520:5:[m[K [01;31m[Kerror: [m[Kâ€˜[01m[Kbest_map_pub_[m[Kâ€™ was not declared in this scope; did you mean â€˜[01m[Kbest_map_msg[m[Kâ€™?
[1.151s]   520 |     [01;31m[Kbest_map_pub_[m[K->publish(best_map_msg);
[1.151s]       |     [01;31m[K^~~~~~~~~~~~~[m[K
[1.151s]       |     [32m[Kbest_map_msg[m[K
[1.152s] [01m[K/home/alumno1/Documents/destroyer_ws/src/grid_fastslam/src/grid_fastslam.cpp:532:5:[m[K [01;31m[Kerror: [m[Kâ€˜[01m[Kpath_msg_[m[Kâ€™ was not declared in this scope
[1.152s]   532 |     [01;31m[Kpath_msg_[m[K.header.stamp = this->now();
[1.152s]       |     [01;31m[K^~~~~~~~~[m[K
[1.152s] [01m[K/home/alumno1/Documents/destroyer_ws/src/grid_fastslam/src/grid_fastslam.cpp:532:30:[m[K [01;31m[Kerror: [m[Kinvalid use of â€˜[01m[Kthis[m[Kâ€™ in non-member function
[1.152s]   532 |     path_msg_.header.stamp = [01;31m[Kthis[m[K->now();
[1.152s]       |                              [01;31m[K^~~~[m[K
[1.154s] [01m[K/home/alumno1/Documents/destroyer_ws/src/grid_fastslam/src/grid_fastslam.cpp:535:5:[m[K [01;31m[Kerror: [m[Kâ€˜[01m[Kpose_pub_[m[Kâ€™ was not declared in this scope
[1.154s]   535 |     [01;31m[Kpose_pub_[m[K->publish(pose);
[1.154s]       |     [01;31m[K^~~~~~~~~[m[K
[1.156s] [01m[K/home/alumno1/Documents/destroyer_ws/src/grid_fastslam/src/grid_fastslam.cpp:536:5:[m[K [01;31m[Kerror: [m[Kâ€˜[01m[Kpath_pub_[m[Kâ€™ was not declared in this scope
[1.156s]   536 |     [01;31m[Kpath_pub_[m[K->publish(path_msg_);
[1.156s]       |     [01;31m[K^~~~~~~~~[m[K
[1.156s] [01m[K/home/alumno1/Documents/destroyer_ws/src/grid_fastslam/src/grid_fastslam.cpp:540:30:[m[K [01;31m[Kerror: [m[Kinvalid use of â€˜[01m[Kthis[m[Kâ€™ in non-member function
[1.156s]   540 |     cloud_msg.header.stamp = [01;31m[Kthis[m[K->now();
[1.156s]       |                              [01;31m[K^~~~[m[K
[1.158s] [01m[K/home/alumno1/Documents/destroyer_ws/src/grid_fastslam/src/grid_fastslam.cpp:566:5:[m[K [01;31m[Kerror: [m[Kâ€˜[01m[Kparticles_pub_[m[Kâ€™ was not declared in this scope
[1.158s]   566 |     [01;31m[Kparticles_pub_[m[K->publish(cloud_msg);
[1.158s]       |     [01;31m[K^~~~~~~~~~~~~~[m[K
[1.158s] [01m[K/home/alumno1/Documents/destroyer_ws/src/grid_fastslam/src/grid_fastslam.cpp:[m[K At global scope:
[1.158s] [01m[K/home/alumno1/Documents/destroyer_ws/src/grid_fastslam/src/grid_fastslam.cpp:569:1:[m[K [01;31m[Kerror: [m[Kexpected declaration before â€˜[01m[K}[m[Kâ€™ token
[1.158s]   569 | [01;31m[K}[m[K // namespace grid_fastslam
[1.158s]       | [01;31m[K^[m[K
[2.594s] gmake[2]: *** [CMakeFiles/grid_fastslam_node.dir/build.make:76: CMakeFiles/grid_fastslam_node.dir/src/grid_fastslam.cpp.o] Error 1
[2.594s] gmake[1]: *** [CMakeFiles/Makefile2:137: CMakeFiles/grid_fastslam_node.dir/all] Error 2
[2.594s] gmake: *** [Makefile:146: all] Error 2
[2.596s] Invoked command in '/home/alumno1/Documents/destroyer_ws/build/grid_fastslam' returned '2': CMAKE_PREFIX_PATH=/home/alumno1/Documents/destroyer_ws/install/custom_msgs:/home/alumno1/Documents/destroyer_ws/install/turtlebot3_custom_simulation:/home/alumno1/Documents/destroyer_ws/install/grid_fastslam:/home/alumno1/turtlebot3_ws/install/turtlebot3:/home/alumno1/turtlebot3_ws/install/turtlebot3_simulations:/home/alumno1/turtlebot3_ws/install/turtlebot3_bringup:/home/alumno1/turtlebot3_ws/install/turtlebot3_node:/home/alumno1/turtlebot3_ws/install/turtlebot3_navigation2:/home/alumno1/turtlebot3_ws/install/turtlebot3_fake_node:/home/alumno1/turtlebot3_ws/install/turtlebot3_custom_simulation:/home/alumno1/turtlebot3_ws/install/turtlebot3_msgs:/home/alumno1/turtlebot3_ws/install/turtlebot3_gazebo:/home/alumno1/turtlebot3_ws/install/turtlebot3_description:/home/alumno1/turtlebot3_ws/install/turtlebot3_cartographer:/home/alumno1/turtlebot3_ws/install/dynamixel_sdk_examples:/home/alumno1/turtlebot3_ws/install/dynamixel_sdk_custom_interfaces:/home/alumno1/turtlebot3_ws/install/dynamixel_sdk:/home/alumno1/Documents/destroyer_ws/install/tools:/home/alumno1/Documents/destroyer_ws/install/state_machine:/home/alumno1/Documents/destroyer_ws/install/mappeate_y_ubicate:/home/alumno1/turtlebot3_ws/install/turtlebot3_teleop:/home/alumno1/turtlebot3_ws/install/turtlebot3_example:/opt/ros/humble LD_LIBRARY_PATH=/home/alumno1/Documents/destroyer_ws/install/custom_msgs/lib:/home/alumno1/turtlebot3_ws/install/turtlebot3_msgs/lib:/home/alumno1/turtlebot3_ws/install/dynamixel_sdk_custom_interfaces/lib:/home/alumno1/turtlebot3_ws/install/dynamixel_sdk/lib:/usr/lib/x86_64-linux-gnu/gazebo-11/plugins:/opt/ros/humble/opt/rviz_ogre_vendor/lib:/opt/ros/humble/lib/x86_64-linux-gnu:/opt/ros/humble/lib:/usr/lib/x86_64-linux-gnu/gazebo-11/plugins /usr/bin/cmake --build /home/alumno1/Documents/destroyer_ws/build/grid_fastslam -- -j28 -l28
